This is pdfTeX, Version 3.14159265-2.6-1.40.16 (TeX Live 2015) (preloaded format=pdflatex 2015.5.24)  1 DEC 2017 15:41
entering extended mode
 restricted \write18 enabled.
 file:line:error style messages enabled.
 %&-line parsing enabled.
**mainthesis.tex
(./mainthesis.tex
LaTeX2e <2015/01/01>
Babel <3.9l> and hyphenation patterns for 79 languages loaded.
(./umd-thesis.cls
Document Class: umd-thesis 10/08/2015 University of Maryland Thesis
(/usr/local/texlive/2015/texmf-dist/tex/latex/base/report.cls
Document Class: report 2014/09/29 v1.4h Standard LaTeX document class
(/usr/local/texlive/2015/texmf-dist/tex/latex/base/size12.clo
File: size12.clo 2014/09/29 v1.4h Standard LaTeX file (size option)
)
\c@part=\count79
\c@chapter=\count80
\c@section=\count81
\c@subsection=\count82
\c@subsubsection=\count83
\c@paragraph=\count84
\c@subparagraph=\count85
\c@figure=\count86
\c@table=\count87
\abovecaptionskip=\skip41
\belowcaptionskip=\skip42
\bibindent=\dimen102
)
(/usr/local/texlive/2015/texmf-dist/tex/latex/tocloft/tocloft.sty
Package: tocloft 2013/05/02 v2.3f parameterised ToC, etc., typesetting
Package tocloft Info: The document has chapter divisions on input line 44.
\cftparskip=\skip43
\cftbeforetoctitleskip=\skip44
\cftaftertoctitleskip=\skip45
\cftbeforepartskip=\skip46
\cftpartnumwidth=\skip47
\cftpartindent=\skip48
\cftbeforechapskip=\skip49
\cftchapindent=\skip50
\cftchapnumwidth=\skip51
\cftbeforesecskip=\skip52
\cftsecindent=\skip53
\cftsecnumwidth=\skip54
\cftbeforesubsecskip=\skip55
\cftsubsecindent=\skip56
\cftsubsecnumwidth=\skip57
\cftbeforesubsubsecskip=\skip58
\cftsubsubsecindent=\skip59
\cftsubsubsecnumwidth=\skip60
\cftbeforeparaskip=\skip61
\cftparaindent=\skip62
\cftparanumwidth=\skip63
\cftbeforesubparaskip=\skip64
\cftsubparaindent=\skip65
\cftsubparanumwidth=\skip66
\cftbeforeloftitleskip=\skip67
\cftafterloftitleskip=\skip68
\cftbeforefigskip=\skip69
\cftfigindent=\skip70
\cftfignumwidth=\skip71
\c@lofdepth=\count88
\c@lotdepth=\count89
\cftbeforelottitleskip=\skip72
\cftafterlottitleskip=\skip73
\cftbeforetabskip=\skip74
\cfttabindent=\skip75
\cfttabnumwidth=\skip76
)
(/usr/local/texlive/2015/texmf-dist/tex/latex/tools/indentfirst.sty
Package: indentfirst 1995/11/23 v1.03 Indent first paragraph (DPC)
)
(/usr/local/texlive/2015/texmf-dist/tex/latex/appendix/appendix.sty
Package: appendix 2009/09/02 v1.2b extra appendix facilities
\c@@pps=\count90
\c@@ppsavesec=\count91
\c@@ppsaveapp=\count92
)
(/usr/local/texlive/2015/texmf-dist/tex/latex/titlesec/titlesec.sty
Package: titlesec 2011/12/15 v2.10.0 Sectioning titles
\ttl@box=\box26
\beforetitleunit=\skip77
\aftertitleunit=\skip78
\ttl@plus=\dimen103
\ttl@minus=\dimen104
\ttl@toksa=\toks14
\titlewidth=\dimen105
\titlewidthlast=\dimen106
\titlewidthfirst=\dimen107
)
(/usr/local/texlive/2015/texmf-dist/tex/latex/setspace/setspace.sty
Package: setspace 2011/12/19 v6.7a set line spacing
))
(/usr/local/texlive/2015/texmf-dist/tex/latex/psnfss/mathptmx.sty
Package: mathptmx 2005/04/12 PSNFSS-v9.2a Times w/ Math, improved (SPQR, WaS) 
LaTeX Font Info:    Redeclaring symbol font `operators' on input line 28.
LaTeX Font Info:    Overwriting symbol font `operators' in version `normal'
(Font)                  OT1/cmr/m/n --> OT1/ztmcm/m/n on input line 28.
LaTeX Font Info:    Overwriting symbol font `operators' in version `bold'
(Font)                  OT1/cmr/bx/n --> OT1/ztmcm/m/n on input line 28.
LaTeX Font Info:    Redeclaring symbol font `letters' on input line 29.
LaTeX Font Info:    Overwriting symbol font `letters' in version `normal'
(Font)                  OML/cmm/m/it --> OML/ztmcm/m/it on input line 29.
LaTeX Font Info:    Overwriting symbol font `letters' in version `bold'
(Font)                  OML/cmm/b/it --> OML/ztmcm/m/it on input line 29.
LaTeX Font Info:    Redeclaring symbol font `symbols' on input line 30.
LaTeX Font Info:    Overwriting symbol font `symbols' in version `normal'
(Font)                  OMS/cmsy/m/n --> OMS/ztmcm/m/n on input line 30.
LaTeX Font Info:    Overwriting symbol font `symbols' in version `bold'
(Font)                  OMS/cmsy/b/n --> OMS/ztmcm/m/n on input line 30.
LaTeX Font Info:    Redeclaring symbol font `largesymbols' on input line 31.
LaTeX Font Info:    Overwriting symbol font `largesymbols' in version `normal'
(Font)                  OMX/cmex/m/n --> OMX/ztmcm/m/n on input line 31.
LaTeX Font Info:    Overwriting symbol font `largesymbols' in version `bold'
(Font)                  OMX/cmex/m/n --> OMX/ztmcm/m/n on input line 31.
\symbold=\mathgroup4
\symitalic=\mathgroup5
LaTeX Font Info:    Redeclaring math alphabet \mathbf on input line 34.
LaTeX Font Info:    Overwriting math alphabet `\mathbf' in version `normal'
(Font)                  OT1/cmr/bx/n --> OT1/ptm/bx/n on input line 34.
LaTeX Font Info:    Overwriting math alphabet `\mathbf' in version `bold'
(Font)                  OT1/cmr/bx/n --> OT1/ptm/bx/n on input line 34.
LaTeX Font Info:    Redeclaring math alphabet \mathit on input line 35.
LaTeX Font Info:    Overwriting math alphabet `\mathit' in version `normal'
(Font)                  OT1/cmr/m/it --> OT1/ptm/m/it on input line 35.
LaTeX Font Info:    Overwriting math alphabet `\mathit' in version `bold'
(Font)                  OT1/cmr/bx/it --> OT1/ptm/m/it on input line 35.
LaTeX Info: Redefining \hbar on input line 50.
)
(/usr/local/texlive/2015/texmf-dist/tex/latex/hyperref/hyperref.sty
Package: hyperref 2012/11/06 v6.83m Hypertext links for LaTeX

(/usr/local/texlive/2015/texmf-dist/tex/generic/oberdiek/hobsub-hyperref.sty
Package: hobsub-hyperref 2012/05/28 v1.13 Bundle oberdiek, subset hyperref (HO)


(/usr/local/texlive/2015/texmf-dist/tex/generic/oberdiek/hobsub-generic.sty
Package: hobsub-generic 2012/05/28 v1.13 Bundle oberdiek, subset generic (HO)
Package: hobsub 2012/05/28 v1.13 Construct package bundles (HO)
Package: infwarerr 2010/04/08 v1.3 Providing info/warning/error messages (HO)
Package: ltxcmds 2011/11/09 v1.22 LaTeX kernel commands for general use (HO)
Package: ifluatex 2010/03/01 v1.3 Provides the ifluatex switch (HO)
Package ifluatex Info: LuaTeX not detected.
Package: ifvtex 2010/03/01 v1.5 Detect VTeX and its facilities (HO)
Package ifvtex Info: VTeX not detected.
Package: intcalc 2007/09/27 v1.1 Expandable calculations with integers (HO)
Package: ifpdf 2011/01/30 v2.3 Provides the ifpdf switch (HO)
Package ifpdf Info: pdfTeX in PDF mode is detected.
Package: etexcmds 2011/02/16 v1.5 Avoid name clashes with e-TeX commands (HO)
Package etexcmds Info: Could not find \expanded.
(etexcmds)             That can mean that you are not using pdfTeX 1.50 or
(etexcmds)             that some package has redefined \expanded.
(etexcmds)             In the latter case, load this package earlier.
Package: kvsetkeys 2012/04/25 v1.16 Key value parser (HO)
Package: kvdefinekeys 2011/04/07 v1.3 Define keys (HO)
Package: pdftexcmds 2011/11/29 v0.20 Utility functions of pdfTeX for LuaTeX (HO
)
Package pdftexcmds Info: LuaTeX not detected.
Package pdftexcmds Info: \pdf@primitive is available.
Package pdftexcmds Info: \pdf@ifprimitive is available.
Package pdftexcmds Info: \pdfdraftmode found.
Package: pdfescape 2011/11/25 v1.13 Implements pdfTeX's escape features (HO)
Package: bigintcalc 2012/04/08 v1.3 Expandable calculations on big integers (HO
)
Package: bitset 2011/01/30 v1.1 Handle bit-vector datatype (HO)
Package: uniquecounter 2011/01/30 v1.2 Provide unlimited unique counter (HO)
)
Package hobsub Info: Skipping package `hobsub' (already loaded).
Package: letltxmacro 2010/09/02 v1.4 Let assignment for LaTeX macros (HO)
Package: hopatch 2012/05/28 v1.2 Wrapper for package hooks (HO)
Package: xcolor-patch 2011/01/30 xcolor patch
Package: atveryend 2011/06/30 v1.8 Hooks at the very end of document (HO)
Package atveryend Info: \enddocument detected (standard20110627).
Package: atbegshi 2011/10/05 v1.16 At begin shipout hook (HO)
Package: refcount 2011/10/16 v3.4 Data extraction from label references (HO)
Package: hycolor 2011/01/30 v1.7 Color options for hyperref/bookmark (HO)
)
(/usr/local/texlive/2015/texmf-dist/tex/latex/graphics/keyval.sty
Package: keyval 2014/10/28 v1.15 key=value parser (DPC)
\KV@toks@=\toks15
)
(/usr/local/texlive/2015/texmf-dist/tex/generic/ifxetex/ifxetex.sty
Package: ifxetex 2010/09/12 v0.6 Provides ifxetex conditional
)
(/usr/local/texlive/2015/texmf-dist/tex/latex/oberdiek/auxhook.sty
Package: auxhook 2011/03/04 v1.3 Hooks for auxiliary files (HO)
)
(/usr/local/texlive/2015/texmf-dist/tex/latex/oberdiek/kvoptions.sty
Package: kvoptions 2011/06/30 v3.11 Key value format for package options (HO)
)
\@linkdim=\dimen108
\Hy@linkcounter=\count93
\Hy@pagecounter=\count94

(/usr/local/texlive/2015/texmf-dist/tex/latex/hyperref/pd1enc.def
File: pd1enc.def 2012/11/06 v6.83m Hyperref: PDFDocEncoding definition (HO)
)
\Hy@SavedSpaceFactor=\count95

(/usr/local/texlive/2015/texmf-dist/tex/latex/latexconfig/hyperref.cfg
File: hyperref.cfg 2002/06/06 v1.2 hyperref configuration of TeXLive
)
Package hyperref Info: Hyper figures OFF on input line 4443.
Package hyperref Info: Link nesting OFF on input line 4448.
Package hyperref Info: Hyper index ON on input line 4451.
Package hyperref Info: Plain pages OFF on input line 4458.
Package hyperref Info: Backreferencing OFF on input line 4463.
Package hyperref Info: Implicit mode ON; LaTeX internals redefined.
Package hyperref Info: Bookmarks ON on input line 4688.
\c@Hy@tempcnt=\count96

(/usr/local/texlive/2015/texmf-dist/tex/latex/url/url.sty
\Urlmuskip=\muskip10
Package: url 2013/09/16  ver 3.4  Verb mode for urls, etc.
)
LaTeX Info: Redefining \url on input line 5041.
\XeTeXLinkMargin=\dimen109
\Fld@menulength=\count97
\Field@Width=\dimen110
\Fld@charsize=\dimen111
Package hyperref Info: Hyper figures OFF on input line 6295.
Package hyperref Info: Link nesting OFF on input line 6300.
Package hyperref Info: Hyper index ON on input line 6303.
Package hyperref Info: backreferencing OFF on input line 6310.
Package hyperref Info: Link coloring OFF on input line 6315.
Package hyperref Info: Link coloring with OCG OFF on input line 6320.
Package hyperref Info: PDF/A mode OFF on input line 6325.
LaTeX Info: Redefining \ref on input line 6365.
LaTeX Info: Redefining \pageref on input line 6369.
\Hy@abspage=\count98
\c@Item=\count99
\c@Hfootnote=\count100
)

Package hyperref Message: Driver (autodetected): hpdftex.

(/usr/local/texlive/2015/texmf-dist/tex/latex/hyperref/hpdftex.def
File: hpdftex.def 2012/11/06 v6.83m Hyperref driver for pdfTeX
\Fld@listcount=\count101
\c@bookmark@seq@number=\count102

(/usr/local/texlive/2015/texmf-dist/tex/latex/oberdiek/rerunfilecheck.sty
Package: rerunfilecheck 2011/04/15 v1.7 Rerun checks for auxiliary files (HO)
Package uniquecounter Info: New unique counter `rerunfilecheck' on input line 2
82.
)
\Hy@SectionHShift=\skip79
)
(/usr/local/texlive/2015/texmf-dist/tex/latex/xcolor/xcolor.sty
Package: xcolor 2007/01/21 v2.11 LaTeX color extensions (UK)

(/usr/local/texlive/2015/texmf-dist/tex/latex/latexconfig/color.cfg
File: color.cfg 2007/01/18 v1.5 color configuration of teTeX/TeXLive
)
Package xcolor Info: Driver file: pdftex.def on input line 225.

(/usr/local/texlive/2015/texmf-dist/tex/latex/pdftex-def/pdftex.def
File: pdftex.def 2011/05/27 v0.06d Graphics/color for pdfTeX
\Gread@gobject=\count103
)
Package xcolor Info: Model `cmy' substituted by `cmy0' on input line 1337.
Package xcolor Info: Model `hsb' substituted by `rgb' on input line 1341.
Package xcolor Info: Model `RGB' extended on input line 1353.
Package xcolor Info: Model `HTML' substituted by `rgb' on input line 1355.
Package xcolor Info: Model `Hsb' substituted by `hsb' on input line 1356.
Package xcolor Info: Model `tHsb' substituted by `hsb' on input line 1357.
Package xcolor Info: Model `HSB' substituted by `hsb' on input line 1358.
Package xcolor Info: Model `Gray' substituted by `gray' on input line 1359.
Package xcolor Info: Model `wave' substituted by `hsb' on input line 1360.
)
(/usr/local/texlive/2015/texmf-dist/tex/latex/graphics/graphicx.sty
Package: graphicx 2014/10/28 v1.0g Enhanced LaTeX Graphics (DPC,SPQR)

(/usr/local/texlive/2015/texmf-dist/tex/latex/graphics/graphics.sty
Package: graphics 2014/10/28 v1.0p Standard LaTeX Graphics (DPC,SPQR)

(/usr/local/texlive/2015/texmf-dist/tex/latex/graphics/trig.sty
Package: trig 1999/03/16 v1.09 sin cos tan (DPC)
)
(/usr/local/texlive/2015/texmf-dist/tex/latex/latexconfig/graphics.cfg
File: graphics.cfg 2010/04/23 v1.9 graphics configuration of TeX Live
)
Package graphics Info: Driver file: pdftex.def on input line 94.
)
\Gin@req@height=\dimen112
\Gin@req@width=\dimen113
)
(/usr/local/texlive/2015/texmf-dist/tex/latex/oberdiek/epstopdf.sty
Package: epstopdf 2010/02/09 v2.5 Conversion with epstopdf on the fly (HO)

(/usr/local/texlive/2015/texmf-dist/tex/latex/oberdiek/epstopdf-base.sty
Package: epstopdf-base 2010/02/09 v2.5 Base part for package epstopdf

(/usr/local/texlive/2015/texmf-dist/tex/latex/oberdiek/grfext.sty
Package: grfext 2010/08/19 v1.1 Manage graphics extensions (HO)
)
Package grfext Info: Graphics extension search list:
(grfext)             [.png,.pdf,.jpg,.mps,.jpeg,.jbig2,.jb2,.PNG,.PDF,.JPG,.JPE
G,.JBIG2,.JB2,.eps]
(grfext)             \AppendGraphicsExtensions on input line 452.

(/usr/local/texlive/2015/texmf-dist/tex/latex/latexconfig/epstopdf-sys.cfg
File: epstopdf-sys.cfg 2010/07/13 v1.3 Configuration of (r)epstopdf for TeX Liv
e
)))
(/usr/local/texlive/2015/texmf-dist/tex/latex/amsmath/amsmath.sty
Package: amsmath 2013/01/14 v2.14 AMS math features
\@mathmargin=\skip80

For additional information on amsmath, use the `?' option.
(/usr/local/texlive/2015/texmf-dist/tex/latex/amsmath/amstext.sty
Package: amstext 2000/06/29 v2.01

(/usr/local/texlive/2015/texmf-dist/tex/latex/amsmath/amsgen.sty
File: amsgen.sty 1999/11/30 v2.0
\@emptytoks=\toks16
\ex@=\dimen114
))
(/usr/local/texlive/2015/texmf-dist/tex/latex/amsmath/amsbsy.sty
Package: amsbsy 1999/11/29 v1.2d
\pmbraise@=\dimen115
)
(/usr/local/texlive/2015/texmf-dist/tex/latex/amsmath/amsopn.sty
Package: amsopn 1999/12/14 v2.01 operator names
)
\inf@bad=\count104
LaTeX Info: Redefining \frac on input line 210.
\uproot@=\count105
\leftroot@=\count106
LaTeX Info: Redefining \overline on input line 306.
\classnum@=\count107
\DOTSCASE@=\count108
LaTeX Info: Redefining \ldots on input line 378.
LaTeX Info: Redefining \dots on input line 381.
LaTeX Info: Redefining \cdots on input line 466.
\Mathstrutbox@=\box27
\strutbox@=\box28
\big@size=\dimen116
LaTeX Font Info:    Redeclaring font encoding OML on input line 566.
LaTeX Font Info:    Redeclaring font encoding OMS on input line 567.
\macc@depth=\count109
\c@MaxMatrixCols=\count110
\dotsspace@=\muskip11
\c@parentequation=\count111
\dspbrk@lvl=\count112
\tag@help=\toks17
\row@=\count113
\column@=\count114
\maxfields@=\count115
\andhelp@=\toks18
\eqnshift@=\dimen117
\alignsep@=\dimen118
\tagshift@=\dimen119
\tagwidth@=\dimen120
\totwidth@=\dimen121
\lineht@=\dimen122
\@envbody=\toks19
\multlinegap=\skip81
\multlinetaggap=\skip82
\mathdisplay@stack=\toks20
LaTeX Info: Redefining \[ on input line 2665.
LaTeX Info: Redefining \] on input line 2666.
)
(/usr/local/texlive/2015/texmf-dist/tex/latex/amscls/amsthm.sty
Package: amsthm 2015/03/04 v2.20.2
\thm@style=\toks21
\thm@bodyfont=\toks22
\thm@headfont=\toks23
\thm@notefont=\toks24
\thm@headpunct=\toks25
\thm@preskip=\skip83
\thm@postskip=\skip84
\thm@headsep=\skip85
\dth@everypar=\toks26
)
(/usr/local/texlive/2015/texmf-dist/tex/latex/amsfonts/amsfonts.sty
Package: amsfonts 2013/01/14 v3.01 Basic AMSFonts support
\symAMSa=\mathgroup6
\symAMSb=\mathgroup7
LaTeX Font Info:    Overwriting math alphabet `\mathfrak' in version `bold'
(Font)                  U/euf/m/n --> U/euf/b/n on input line 106.
)
(/usr/local/texlive/2015/texmf-dist/tex/latex/amsfonts/amssymb.sty
Package: amssymb 2013/01/14 v3.01 AMS font symbols
)
(/usr/local/texlive/2015/texmf-dist/tex/latex/jknapltx/mathrsfs.sty
Package: mathrsfs 1996/01/01 Math RSFS package v1.0 (jk)
\symrsfs=\mathgroup8
)
(/usr/local/texlive/2015/texmf-dist/tex/latex/doublestroke/dsfont.sty
Package: dsfont 1995/08/01 v0.1 Double stroke roman fonts
)
(/usr/local/texlive/2015/texmf-dist/tex/latex/breqn/breqn.sty
(/usr/local/texlive/2015/texmf-dist/tex/latex/l3kernel/expl3.sty
Package: expl3 2015/03/01 v5547 L3 programming layer (loader) 

(/usr/local/texlive/2015/texmf-dist/tex/latex/l3kernel/expl3-code.tex
Package: expl3 2015/03/01 v5547 L3 programming layer (code) 
L3 Module: l3bootstrap 2015/02/28 v5542 L3 Bootstrap code
L3 Module: l3names 2015/02/24 v5535 L3 Namespace for primitives
L3 Module: l3basics 2015/01/27 v5500 L3 Basic definitions
L3 Module: l3expan 2014/11/27 v5472 L3 Argument expansion
L3 Module: l3tl 2015/01/27 v5500 L3 Token lists
L3 Module: l3str 2015/03/01 v5545 L3 Strings
L3 Module: l3seq 2014/08/23 v5354 L3 Sequences and stacks
L3 Module: l3int 2015/02/21 v5529 L3 Integers
\c_max_int=\count116
\l_tmpa_int=\count117
\l_tmpb_int=\count118
\g_tmpa_int=\count119
\g_tmpb_int=\count120
L3 Module: l3quark 2014/08/23 v5354 L3 Quarks
L3 Module: l3prg 2014/08/23 v5354 L3 Control structures
\g__prg_map_int=\count121
L3 Module: l3clist 2014/08/23 v5354 L3 Comma separated lists
L3 Module: l3token 2014/09/15 v5422 L3 Experimental token manipulation
L3 Module: l3prop 2014/08/23 v5354 L3 Property lists
L3 Module: l3msg 2015/02/26 v5537 L3 Messages
L3 Module: l3file 2014/08/24 v5369 L3 File and I/O operations
\l_iow_line_count_int=\count122
\l__iow_target_count_int=\count123
\l__iow_current_line_int=\count124
\l__iow_current_word_int=\count125
\l__iow_current_indentation_int=\count126
L3 Module: l3skip 2014/08/23 v5354 L3 Dimensions and skips
\c_zero_dim=\dimen123
\c_max_dim=\dimen124
\l_tmpa_dim=\dimen125
\l_tmpb_dim=\dimen126
\g_tmpa_dim=\dimen127
\g_tmpb_dim=\dimen128
\c_zero_skip=\skip86
\c_max_skip=\skip87
\l_tmpa_skip=\skip88
\l_tmpb_skip=\skip89
\g_tmpa_skip=\skip90
\g_tmpb_skip=\skip91
\c_zero_muskip=\muskip12
\c_max_muskip=\muskip13
\l_tmpa_muskip=\muskip14
\l_tmpb_muskip=\muskip15
\g_tmpa_muskip=\muskip16
\g_tmpb_muskip=\muskip17
L3 Module: l3keys 2015/01/27 v5500 L3 Key-value interfaces
\g__keyval_level_int=\count127
\l_keys_choice_int=\count128
L3 Module: l3fp 2014/08/22 v5336 L3 Floating points
\c__fp_leading_shift_int=\count129
\c__fp_middle_shift_int=\count130
\c__fp_trailing_shift_int=\count131
\c__fp_big_leading_shift_int=\count132
\c__fp_big_middle_shift_int=\count133
\c__fp_big_trailing_shift_int=\count134
\c__fp_Bigg_leading_shift_int=\count135
\c__fp_Bigg_middle_shift_int=\count136
\c__fp_Bigg_trailing_shift_int=\count137
L3 Module: l3box 2014/08/23 v5354 L3 Experimental boxes
\c_empty_box=\box29
\l_tmpa_box=\box30
\l_tmpb_box=\box31
\g_tmpa_box=\box32
\g_tmpb_box=\box33
L3 Module: l3coffins 2014/08/23 v5354 L3 Coffin code layer
\l__coffin_internal_box=\box34
\l__coffin_internal_dim=\dimen129
\l__coffin_offset_x_dim=\dimen130
\l__coffin_offset_y_dim=\dimen131
\l__coffin_x_dim=\dimen132
\l__coffin_y_dim=\dimen133
\l__coffin_x_prime_dim=\dimen134
\l__coffin_y_prime_dim=\dimen135
\c_empty_coffin=\box35
\l__coffin_aligned_coffin=\box36
\l__coffin_aligned_internal_coffin=\box37
\l_tmpa_coffin=\box38
\l_tmpb_coffin=\box39
\l__coffin_display_coffin=\box40
\l__coffin_display_coord_coffin=\box41
\l__coffin_display_pole_coffin=\box42
\l__coffin_display_offset_dim=\dimen136
\l__coffin_display_x_dim=\dimen137
\l__coffin_display_y_dim=\dimen138
L3 Module: l3color 2014/08/23 v5354 L3 Experimental color support
L3 Module: l3candidates 2015/03/01 v5544 L3 Experimental additions to l3kernel
\l__box_top_dim=\dimen139
\l__box_bottom_dim=\dimen140
\l__box_left_dim=\dimen141
\l__box_right_dim=\dimen142
\l__box_top_new_dim=\dimen143
\l__box_bottom_new_dim=\dimen144
\l__box_left_new_dim=\dimen145
\l__box_right_new_dim=\dimen146
\l__box_internal_box=\box43
\l__coffin_bounding_shift_dim=\dimen147
\l__coffin_left_corner_dim=\dimen148
\l__coffin_right_corner_dim=\dimen149
\l__coffin_bottom_corner_dim=\dimen150
\l__coffin_top_corner_dim=\dimen151
\l__coffin_scaled_total_height_dim=\dimen152
\l__coffin_scaled_width_dim=\dimen153
)
(/usr/local/texlive/2015/texmf-dist/tex/latex/l3kernel/l3unicode-data.def
File: l3unicode-data.def 2015/03/01 v5544 L3 Unicode data
)
(/usr/local/texlive/2015/texmf-dist/tex/latex/l3kernel/l3pdfmode.def
File: l3pdfmode.def 2015/03/01 v5544 L3 Experimental driver: PDF mode
\l__driver_color_stack_int=\count138
))
Package: breqn 2012/05/10 v0.98b Breaking equations

(/usr/local/texlive/2015/texmf-dist/tex/latex/breqn/flexisym.sty
Package: flexisym 2013/03/16 v0.97c Make math characters macros
LaTeX Info: Redefining \textprime on input line 299.
LaTeX Info: Redefining \not on input line 357.

(/usr/local/texlive/2015/texmf-dist/tex/latex/breqn/cmbase.sym
File: cmbase.sym 2007/12/19 v0.92
LaTeX Info: Redefining \hbar on input line 324.
LaTeX Info: Redefining \surd on input line 326.
LaTeX Info: Redefining \angle on input line 334.
LaTeX Info: Redefining \neq on input line 335.
LaTeX Info: Redefining \mapsto on input line 336.
LaTeX Info: Redefining \cong on input line 337.
LaTeX Info: Redefining \notin on input line 340.
LaTeX Info: Redefining \rightleftharpoons on input line 341.
LaTeX Info: Redefining \doteq on input line 342.
LaTeX Info: Redefining \hookrightarrow on input line 343.
LaTeX Info: Redefining \hookleftarrow on input line 344.
LaTeX Info: Redefining \bowtie on input line 345.
LaTeX Info: Redefining \models on input line 346.
LaTeX Info: Redefining \Longrightarrow on input line 347.
LaTeX Info: Redefining \longrightarrow on input line 348.
LaTeX Info: Redefining \Longleftarrow on input line 349.
LaTeX Info: Redefining \longleftarrow on input line 350.
LaTeX Info: Redefining \longmapsto on input line 351.
LaTeX Info: Redefining \longleftrightarrow on input line 352.
LaTeX Info: Redefining \Longleftrightarrow on input line 353.
LaTeX Info: Redefining \cdots on input line 357.
LaTeX Info: Redefining \vdots on input line 360.
LaTeX Info: Redefining \ddots on input line 365.
)
(/usr/local/texlive/2015/texmf-dist/tex/latex/breqn/mathstyle.sty
Package: mathstyle 2014/06/10 v0.90a Tracking mathstyle implicitly
LaTeX Info: Redefining \displaystyle on input line 82.
LaTeX Info: Redefining \textstyle on input line 84.
LaTeX Info: Redefining \scriptstyle on input line 86.
LaTeX Info: Redefining \scriptscriptstyle on input line 88.
LaTeX Info: Redefining \genfrac on input line 122.
))
(/usr/local/texlive/2015/texmf-dist/tex/latex/tools/calc.sty
Package: calc 2014/10/28 v4.3 Infix arithmetic (KKT,FJ)
\calc@Acount=\count139
\calc@Bcount=\count140
\calc@Adimen=\dimen154
\calc@Bdimen=\dimen155
\calc@Askip=\skip92
\calc@Bskip=\skip93
LaTeX Info: Redefining \setlength on input line 80.
LaTeX Info: Redefining \addtolength on input line 81.
\calc@Ccount=\count141
\calc@Cskip=\skip94
)
\inf@bad=\count142
\maxint=\count143
\listwidth=\dimen156
\eqnumsep=\dimen157
\eqmargin=\dimen158
\eqlinespacing=\skip95
\eqlineskip=\skip96
\eqlineskiplimit=\dimen159
\eqbinoffset=\muskip18
\eqdelimoffset=\muskip19
\eqindentstep=\dimen160
\eqstyle=\toks27
\eqbreakdepth=\count144
\eqinterlinepenalty=\count145
\intereqpenalty=\count146
\intereqskip=\skip97
\prerelpenalty=\count147
\prebinoppenalty=\count148
\Dmedmuskip=\muskip20
\Dthickmuskip=\muskip21
\eqleftskip=\skip98
\eqrightskip=\skip99
\eq@vspan=\skip100
\eq@binoffset=\muskip22
\EQ@box=\box44
\EQ@copy=\box45
\EQ@numbox=\box46
\eq@wdNum=\dimen161
\GRP@numbox=\box47
\grp@wdNum=\dimen162
\eq@lines=\count149
\eq@curline=\count150
\eq@badness=\count151
\EQ@vims=\count152
\eq@dp=\dimen163
\eq@wdL=\dimen164
\eq@wdT=\dimen165
\eq@wdMin=\dimen166
\grp@wdL=\dimen167
\grp@wdR=\dimen168
\grp@wdT=\dimen169
\eq@wdRmax=\dimen170
\eq@firstht=\dimen171
\eq@wdCond=\dimen172
\eq@indentstep=\dimen173
\eq@linewidth=\dimen174
\grp@linewidth=\dimen175
\eq@hshift=\dimen176
\eq@given@sidespace=\dimen177
\mathindent=\dimen178
\eq@final@linecount=\count153
\eq@wdR=\dimen179
\EQ@continue=\toks28
\lr@level=\count154
\GRP@queue=\toks29
\GRP@box=\box48
\GRP@wholebox=\box49
\darraycolsep=\skip101
\cur@row=\count155
\cur@col=\count156
\conditionsep=\skip102
)
(/usr/local/texlive/2015/texmf-dist/tex/latex/cleveref/cleveref.sty
Package: cleveref 2013/12/28 v0.19 Intelligent cross-referencing
Package cleveref Info: `hyperref' support loaded on input line 2230.
LaTeX Info: Redefining \cref on input line 2230.
LaTeX Info: Redefining \Cref on input line 2230.
LaTeX Info: Redefining \crefrange on input line 2230.
LaTeX Info: Redefining \Crefrange on input line 2230.
LaTeX Info: Redefining \cpageref on input line 2230.
LaTeX Info: Redefining \Cpageref on input line 2230.
LaTeX Info: Redefining \cpagerefrange on input line 2230.
LaTeX Info: Redefining \Cpagerefrange on input line 2230.
LaTeX Info: Redefining \labelcref on input line 2230.
LaTeX Info: Redefining \labelcpageref on input line 2230.
Package cleveref Info: `amsthm' support loaded on input line 2858.
Package cleveref Info: `breqn' support loaded on input line 2928.
)
(/usr/local/texlive/2015/texmf-dist/tex/latex/natbib/natbib.sty
Package: natbib 2010/09/13 8.31b (PWD, AO)
\bibhang=\skip103
\bibsep=\skip104
LaTeX Info: Redefining \cite on input line 694.
\c@NAT@ctr=\count157
)
(/usr/local/texlive/2015/texmf-dist/tex/latex/psnfss/times.sty
Package: times 2005/04/12 PSNFSS-v9.2a (SPQR) 
)
(/usr/local/texlive/2015/texmf-dist/tex/latex/enumitem/enumitem.sty
Package: enumitem 2011/09/28 v3.5.2 Customized lists
\labelindent=\skip105
\enit@outerparindent=\dimen180
\enit@toks=\toks30
\enit@inbox=\box50
\enitdp@description=\count158
)
(/usr/local/texlive/2015/texmf-dist/tex/latex/caption/subcaption.sty
Package: subcaption 2013/02/03 v1.1-62 Sub-captions (AR)

(/usr/local/texlive/2015/texmf-dist/tex/latex/caption/caption.sty
Package: caption 2013/05/02 v3.3-89 Customizing captions (AR)

(/usr/local/texlive/2015/texmf-dist/tex/latex/caption/caption3.sty
Package: caption3 2013/05/02 v1.6-88 caption3 kernel (AR)
Package caption3 Info: TeX engine: e-TeX on input line 57.
\captionmargin=\dimen181
\captionmargin@=\dimen182
\captionwidth=\dimen183
\caption@tempdima=\dimen184
\caption@indent=\dimen185
\caption@parindent=\dimen186
\caption@hangindent=\dimen187
)
\c@ContinuedFloat=\count159
Package caption Info: hyperref package is loaded.
)
\c@subfigure=\count160
\c@subtable=\count161
)
(/usr/local/texlive/2015/texmf-dist/tex/latex/mathtools/mathtools.sty
Package: mathtools 2015/05/11 v1.16 mathematical typesetting tools

(/usr/local/texlive/2015/texmf-dist/tex/latex/mathtools/mhsetup.sty
Package: mhsetup 2010/01/21 v1.2a programming setup (MH)
)
LaTeX Info: Thecontrolsequence`\('isalreadyrobust on input line 129.
LaTeX Info: Thecontrolsequence`\)'isalreadyrobust on input line 129.
LaTeX Info: Thecontrolsequence`\['isalreadyrobust on input line 129.
LaTeX Info: Thecontrolsequence`\]'isalreadyrobust on input line 129.
\g_MT_multlinerow_int=\count162
\l_MT_multwidth_dim=\dimen188
\origjot=\skip106
\l_MT_shortvdotswithinadjustabove_dim=\dimen189
\l_MT_shortvdotswithinadjustbelow_dim=\dimen190
\l_MT_above_intertext_sep=\dimen191
\l_MT_below_intertext_sep=\dimen192
\l_MT_above_shortintertext_sep=\dimen193
\l_MT_below_shortintertext_sep=\dimen194
)
(./custom_commands.tex
(/usr/local/texlive/2015/texmf-dist/tex/latex/lipsum/lipsum.sty
Package: lipsum 2014/07/27 v1.3 150 paragraphs of Lorem Ipsum dummy text
\c@lips@count=\count163
)
(/usr/local/texlive/2015/texmf-dist/tex/latex/stmaryrd/stmaryrd.sty
Package: stmaryrd 1994/03/03 St Mary's Road symbol package
\symstmry=\mathgroup9
LaTeX Font Info:    Overwriting symbol font `stmry' in version `bold'
(Font)                  U/stmry/m/n --> U/stmry/b/n on input line 89.
)
(/usr/local/texlive/2015/texmf-dist/tex/latex/thmtools/thmtools.sty
Package: thmtools 2014/04/21 v66
\thmt@toks=\toks31
\c@thmt@dummyctr=\count164

(/usr/local/texlive/2015/texmf-dist/tex/latex/thmtools/thm-patch.sty
Package: thm-patch 2014/04/21 v66

(/usr/local/texlive/2015/texmf-dist/tex/latex/thmtools/parseargs.sty
Package: parseargs 2014/04/21 v66
\@parsespec=\toks32
))
(/usr/local/texlive/2015/texmf-dist/tex/latex/thmtools/thm-kv.sty
Package: thm-kv 2014/04/21 v66
Package thm-kv Info: Theorem names will be uppercased on input line 40.
Package thm-kv Info: kvsetkeys patch (v1.16 or later) on input line 156.
)
(/usr/local/texlive/2015/texmf-dist/tex/latex/thmtools/thm-autoref.sty
Package: thm-autoref 2014/04/21 v66

(/usr/local/texlive/2015/texmf-dist/tex/latex/thmtools/aliasctr.sty
Package: aliasctr 2014/04/21 v66

(/usr/local/texlive/2015/texmf-dist/tex/latex/carlisle/remreset.sty)))
(/usr/local/texlive/2015/texmf-dist/tex/latex/thmtools/thm-listof.sty
Package: thm-listof 2014/04/21 v66
)
(/usr/local/texlive/2015/texmf-dist/tex/latex/thmtools/thm-restate.sty
Package: thm-restate 2014/04/21 v66
)
(/usr/local/texlive/2015/texmf-dist/tex/latex/thmtools/thm-amsthm.sty
Package: thm-amsthm 2014/04/21 v66
\thmt@style@headstyle=\toks33
))
(/usr/local/texlive/2015/texmf-dist/tex/latex/bbm-macros/bbm.sty
Package: bbm 1999/03/15 V 1.2 provides fonts for set symbols - TH
LaTeX Font Info:    Overwriting math alphabet `\mathbbm' in version `bold'
(Font)                  U/bbm/m/n --> U/bbm/bx/n on input line 33.
LaTeX Font Info:    Overwriting math alphabet `\mathbbmss' in version `bold'
(Font)                  U/bbmss/m/n --> U/bbmss/bx/n on input line 35.
)
\c@thm=\count165
\c@lem=\count166
\c@cor=\count167
\c@definition=\count168
)
Package hyperref Info: Option `linktocpage' set `true' on input line 51.

(./mainthesis.aux (./chapters/Advancement_paper.aux

LaTeX Warning: Label `eq:halo_velocity' multiply defined.


LaTeX Warning: Label `eq:halo_velocity@cref' multiply defined.


LaTeX Warning: Label `fig:helm' multiply defined.


LaTeX Warning: Label `fig:helm@cref' multiply defined.

) (./chapters/LXe_TPCs.aux) (./chapters/Sampling_Manual.aux

LaTeX Warning: Label `fig:CTpid' multiply defined.


LaTeX Warning: Label `fig:CTpid@cref' multiply defined.


LaTeX Warning: Label `fig:flowresponse1x' multiply defined.


LaTeX Warning: Label `fig:flowresponse1x@cref' multiply defined.


LaTeX Warning: Label `fig:senstrace' multiply defined.


LaTeX Warning: Label `fig:senstrace@cref' multiply defined.

) (./chapters/Post_Run04_Calibrations.aux

LaTeX Warning: Label `fig:ddplot' multiply defined.


LaTeX Warning: Label `fig:ddplot@cref' multiply defined.

) (./chapters/C14_Calibration.aux) (./chapters/Appendix_Corrections.aux)
(./chapters/Appendix_Tails.aux))
\openout1 = `mainthesis.aux'.

LaTeX Font Info:    Checking defaults for OML/cmm/m/it on input line 102.
LaTeX Font Info:    ... okay on input line 102.
LaTeX Font Info:    Checking defaults for T1/cmr/m/n on input line 102.
LaTeX Font Info:    ... okay on input line 102.
LaTeX Font Info:    Checking defaults for OT1/cmr/m/n on input line 102.
LaTeX Font Info:    ... okay on input line 102.
LaTeX Font Info:    Checking defaults for OMS/cmsy/m/n on input line 102.
LaTeX Font Info:    ... okay on input line 102.
LaTeX Font Info:    Checking defaults for OMX/cmex/m/n on input line 102.
LaTeX Font Info:    ... okay on input line 102.
LaTeX Font Info:    Checking defaults for U/cmr/m/n on input line 102.
LaTeX Font Info:    ... okay on input line 102.
LaTeX Font Info:    Checking defaults for PD1/pdf/m/n on input line 102.
LaTeX Font Info:    ... okay on input line 102.
LaTeX Font Info:    Try loading font information for OT1+ptm on input line 102.


(/usr/local/texlive/2015/texmf-dist/tex/latex/psnfss/ot1ptm.fd
File: ot1ptm.fd 2001/06/04 font definitions for OT1/ptm.
)
\AtBeginShipoutBox=\box51
Package hyperref Info: Link coloring OFF on input line 102.

(/usr/local/texlive/2015/texmf-dist/tex/latex/hyperref/nameref.sty
Package: nameref 2012/10/27 v2.43 Cross-referencing by name of section

(/usr/local/texlive/2015/texmf-dist/tex/generic/oberdiek/gettitlestring.sty
Package: gettitlestring 2010/12/03 v1.4 Cleanup title references (HO)
)
\c@section@level=\count169
)
LaTeX Info: Redefining \ref on input line 102.
LaTeX Info: Redefining \pageref on input line 102.
LaTeX Info: Redefining \nameref on input line 102.

(./mainthesis.out) (./mainthesis.out)
\@outlinefile=\write3
\openout3 = `mainthesis.out'.


(/usr/local/texlive/2015/texmf-dist/tex/context/base/supp-pdf.mkii
[Loading MPS to PDF converter (version 2006.09.02).]
\scratchcounter=\count170
\scratchdimen=\dimen195
\scratchbox=\box52
\nofMPsegments=\count171
\nofMParguments=\count172
\everyMPshowfont=\toks34
\MPscratchCnt=\count173
\MPscratchDim=\dimen196
\MPnumerator=\count174
\makeMPintoPDFobject=\count175
\everyMPtoPDFconversion=\toks35
)
Package caption Info: Begin \AtBeginDocument code.
Package caption Info: End \AtBeginDocument code.

***************** Abstract ******************
Missing character: There is no € in font ptmr7t!
Missing character: There is no € in font ptmr7t!
Missing character: There is no € in font ptmr7t!
Missing character: There is no € in font ptmr7t!
Missing character: There is no € in font ptmr7t!
Missing character: There is no € in font ptmr7t!
Missing character: There is no € in font ptmr7t!
Missing character: There is no € in font ptmr7t!
Missing character: There is no € in font ptmr7t!

Overfull \hbox (351.29404pt too wide) in paragraph at lines 105--105
\OT1/ptm/m/n/14.4 PURITYMONITORINGTECHNIQUESANDELECTRONICENERGYDEPOSITIONPROPER
TIESINLIQUID 
 []


Overfull \hbox (2.28001pt too wide) in paragraph at lines 105--105
[] [] 
 []


Overfull \hbox (2.28001pt too wide) in paragraph at lines 105--105
[] [] 
 []

***************** TITLE ******************
[1


{/usr/local/texlive/2015/texmf-var/fonts/map/pdftex/updmap/pdftex.map}]
Missing character: There is no € in font ptmr7t!
Missing character: There is no € in font ptmr7t!
Missing character: There is no € in font ptmr7t!
Missing character: There is no € in font ptmr7t!
Missing character: There is no € in font ptmr7t!
Missing character: There is no € in font ptmr7t!
Missing character: There is no € in font ptmr7t!
Missing character: There is no € in font ptmr7t!
Missing character: There is no € in font ptmr7t!

Overfull \hbox (212.53246pt too wide) in paragraph at lines 111--111
 \OT1/ptm/m/n/14.4 PURITYMONITORINGTECHNIQUESANDELECTRONICENERGYDEPOSITIONPROPE
RTIESINLIQUID 
 []

***************** Copyright ******************
pdfTeX warning (ext4): destination with the same identifier (name{page.}) has b
een already used, duplicate ignored
<to be read again> 
                   \relax 
l.111 \begin{preliminary}
                          [1

]
LaTeX Font Info:    Try loading font information for OMS+ptm on input line 111.


(/usr/local/texlive/2015/texmf-dist/tex/latex/psnfss/omsptm.fd
File: omsptm.fd 
)
LaTeX Font Info:    Font shape `OMS/ptm/m/n' in size <14.4> not available
(Font)              Font shape `OMS/cmsy/m/n' tried instead on input line 111.

***************** Preface ******************
[1

]
***************** FOREWORD ******************
[2

]
***************** Dedication ******************
[3

]
***************** Acknowledgements ******************
[4

] [5

] (./mainthesis.toc
LaTeX Font Info:    Font shape `OT1/ptm/bx/n' in size <12> not available
(Font)              Font shape `OT1/ptm/b/n' tried instead on input line 1.
LaTeX Font Info:    Try loading font information for OT1+ztmcm on input line 1.


(/usr/local/texlive/2015/texmf-dist/tex/latex/psnfss/ot1ztmcm.fd
File: ot1ztmcm.fd 2000/01/03 Fontinst v1.801 font definitions for OT1/ztmcm.
)
LaTeX Font Info:    Try loading font information for OML+ztmcm on input line 1.


(/usr/local/texlive/2015/texmf-dist/tex/latex/psnfss/omlztmcm.fd
File: omlztmcm.fd 2000/01/03 Fontinst v1.801 font definitions for OML/ztmcm.
)
LaTeX Font Info:    Try loading font information for OMS+ztmcm on input line 1.


(/usr/local/texlive/2015/texmf-dist/tex/latex/psnfss/omsztmcm.fd
File: omsztmcm.fd 2000/01/03 Fontinst v1.801 font definitions for OMS/ztmcm.
)
LaTeX Font Info:    Try loading font information for OMX+ztmcm on input line 1.


(/usr/local/texlive/2015/texmf-dist/tex/latex/psnfss/omxztmcm.fd
File: omxztmcm.fd 2000/01/03 Fontinst v1.801 font definitions for OMX/ztmcm.
)
LaTeX Font Info:    Font shape `OT1/ptm/bx/n' in size <9> not available
(Font)              Font shape `OT1/ptm/b/n' tried instead on input line 1.
LaTeX Font Info:    Font shape `OT1/ptm/bx/n' in size <7> not available
(Font)              Font shape `OT1/ptm/b/n' tried instead on input line 1.
LaTeX Font Info:    Try loading font information for U+rsfs on input line 1.

(/usr/local/texlive/2015/texmf-dist/tex/latex/jknapltx/ursfs.fd
File: ursfs.fd 1998/03/24 rsfs font definition file (jk)
)
LaTeX Font Info:    Try loading font information for U+stmry on input line 1.

(/usr/local/texlive/2015/texmf-dist/tex/latex/stmaryrd/Ustmry.fd) [6


] [7])
\tf@toc=\write4
\openout4 = `mainthesis.toc'.


[8]
\openout2 = `chapters/Advancement_paper.aux'.

 (./chapters/Advancement_paper.tex
Chapter 1.
[1



] [2]
LaTeX Font Info:    Font shape `OT1/ptm/bx/n' in size <10.95> not available
(Font)              Font shape `OT1/ptm/b/n' tried instead on input line 60.
LaTeX Font Info:    Font shape `OT1/ptm/bx/n' in size <8> not available
(Font)              Font shape `OT1/ptm/b/n' tried instead on input line 60.
LaTeX Font Info:    Font shape `OT1/ptm/bx/n' in size <6> not available
(Font)              Font shape `OT1/ptm/b/n' tried instead on input line 60.
 [3] [4] <Figures/PLANCK_PS_TT.png, id=505, 849.1725pt x 562.1pt>
File: Figures/PLANCK_PS_TT.png Graphic file (type png)

<use Figures/PLANCK_PS_TT.png>
Package pdftex.def Info: Figures/PLANCK_PS_TT.png used on input line 76.
(pdftex.def)             Requested size: 426.79134pt x 282.50739pt.
 [5 <./Figures/PLANCK_PS_TT.png>] [6] [7]
<Figures/persic_salucci_urc.png, id=539, 697.60625pt x 850.17625pt>
File: Figures/persic_salucci_urc.png Graphic file (type png)

<use Figures/persic_salucci_urc.png>
Package pdftex.def Info: Figures/persic_salucci_urc.png used on input line 114.

(pdftex.def)             Requested size: 426.79134pt x 520.13753pt.


LaTeX Warning: `!h' float specifier changed to `!ht'.

[8]

LaTeX Warning: Text page 9 contains only floats.

[9 <./Figures/persic_salucci_urc.png>] [10]
<Figures/bullet.png, id=575, 1187.43625pt x 593.21625pt>
File: Figures/bullet.png Graphic file (type png)

<use Figures/bullet.png>
Package pdftex.def Info: Figures/bullet.png used on input line 152.
(pdftex.def)             Requested size: 426.79134pt x 213.21371pt.
 [11 <./Figures/bullet.png>] [12] [13]
<Figures/ADMX.png, id=612, 587.19376pt x 418.56375pt>
File: Figures/ADMX.png Graphic file (type png)
 <use Figures/ADMX.png>
Package pdftex.def Info: Figures/ADMX.png used on input line 183.
(pdftex.def)             Requested size: 426.79134pt x 304.22693pt.


LaTeX Warning: `!h' float specifier changed to `!ht'.

[14] [15 <./Figures/ADMX.png>]
<Figures/WIMP_relic_density.png, id=638, 557.08125pt x 394.47375pt>
File: Figures/WIMP_relic_density.png Graphic file (type png)

<use Figures/WIMP_relic_density.png>
Package pdftex.def Info: Figures/WIMP_relic_density.png used on input line 201.

(pdftex.def)             Requested size: 426.79134pt x 302.22287pt.


LaTeX Warning: `!h' float specifier changed to `!ht'.

[16] [17 <./Figures/WIMP_relic_density.png>] [18]
<Figures/WIMP_interaction.pdf, id=680, 530.98375pt x 401.5pt>
File: Figures/WIMP_interaction.pdf Graphic file (type pdf)

<use Figures/WIMP_interaction.pdf>
Package pdftex.def Info: Figures/WIMP_interaction.pdf used on input line 250.
(pdftex.def)             Requested size: 426.79134pt x 322.71977pt.


LaTeX Warning: `!h' float specifier changed to `!ht'.

[19] [20 <./Figures/WIMP_interaction.pdf>]
<Figures/WIMP_nucleon.pdf, id=725, 527.9725pt x 388.45125pt>
File: Figures/WIMP_nucleon.pdf Graphic file (type pdf)

<use Figures/WIMP_nucleon.pdf>
Package pdftex.def Info: Figures/WIMP_nucleon.pdf used on input line 279.
(pdftex.def)             Requested size: 205.97214pt x 151.54279pt.

<Figures/WIMP_neutron.pdf, id=726, 530.98375pt x 435.6275pt>
File: Figures/WIMP_neutron.pdf Graphic file (type pdf)

<use Figures/WIMP_neutron.pdf>
Package pdftex.def Info: Figures/WIMP_neutron.pdf used on input line 287.
(pdftex.def)             Requested size: 205.97214pt x 168.98338pt.

<Figures/WIMP_proton.pdf, id=727, 547.04375pt x 435.6275pt>
File: Figures/WIMP_proton.pdf Graphic file (type pdf)

<use Figures/WIMP_proton.pdf>
Package pdftex.def Info: Figures/WIMP_proton.pdf used on input line 294.
(pdftex.def)             Requested size: 205.97214pt x 164.02461pt.
 [21] [22 <./Figures/WIMP_nucleon.pdf> <./Figures/WIMP_neutron.pdf> <./Figures/
WIMP_proton.pdf>] [23] [24]
<Figures/DMprofiles.pdf, id=796, 849.1725pt x 558.085pt>
File: Figures/DMprofiles.pdf Graphic file (type pdf)

<use Figures/DMprofiles.pdf>
Package pdftex.def Info: Figures/DMprofiles.pdf used on input line 356.
(pdftex.def)             Requested size: 426.79134pt x 280.48949pt.
 [25 <./Figures/DMprofiles.pdf>]
<Figures/helm.pdf, id=816, 895.345pt x 487.8225pt>
File: Figures/helm.pdf Graphic file (type pdf)
 <use Figures/helm.pdf>
Package pdftex.def Info: Figures/helm.pdf used on input line 381.
(pdftex.def)             Requested size: 426.79134pt x 232.53688pt.


LaTeX Warning: `!h' float specifier changed to `!ht'.

[26] <Figures/recoil_spec.pdf, id=831, 700.6175pt x 636.3775pt>
File: Figures/recoil_spec.pdf Graphic file (type pdf)

<use Figures/recoil_spec.pdf>
Package pdftex.def Info: Figures/recoil_spec.pdf used on input line 398.
(pdftex.def)             Requested size: 426.79134pt x 387.66534pt.
 [27 <./Figures/helm.pdf>]

LaTeX Warning: `!h' float specifier changed to `!ht'.

[28]) [29 <./Figures/recoil_spec.pdf>]
\openout2 = `chapters/LXe_TPCs.aux'.

 (./chapters/LXe_TPCs.tex
Chapter 2.
[30




] <Figures/luxevent.png, id=875, 780.9175pt x 682.55pt>
File: Figures/luxevent.png Graphic file (type png)

<use Figures/luxevent.png>
Package pdftex.def Info: Figures/luxevent.png used on input line 18.
(pdftex.def)             Requested size: 426.79134pt x 373.02907pt.
 [31 <./Figures/luxevent.png>]) [32]
\openout2 = `chapters/Sampling_Manual.aux'.


(./chapters/Sampling_Manual.tex
Chapter 3.

Overfull \hbox (9.75177pt too wide) in paragraph at lines 1--1
 |[]\OT1/ptm/m/n/14.4 Building, Op-ti-miz-ing, and Main-tain-ing a Xenon Cold-T
rap Sam-
 []

<Figures/Cold_Trap_cartoon.png, id=893, 1353.055pt x 790.955pt>
File: Figures/Cold_Trap_cartoon.png Graphic file (type png)

<use Figures/Cold_Trap_cartoon.png>
Package pdftex.def Info: Figures/Cold_Trap_cartoon.png used on input line 12.
(pdftex.def)             Requested size: 433.62001pt x 253.48491pt.


LaTeX Warning: `h' float specifier changed to `ht'.

[33




] <Figures/ColdTrap_diagram.png, id=901, 585.18625pt x 359.3425pt>
File: Figures/ColdTrap_diagram.png Graphic file (type png)

<use Figures/ColdTrap_diagram.png>
Package pdftex.def Info: Figures/ColdTrap_diagram.png used on input line 21.
(pdftex.def)             Requested size: 433.62001pt x 266.28214pt.


LaTeX Warning: `h' float specifier changed to `ht'.

LaTeX Font Info:    Font shape `OMS/ptm/m/n' in size <12> not available
(Font)              Font shape `OMS/cmsy/m/n' tried instead on input line 28.
[34 <./Figures/Cold_Trap_cartoon.png>] [35 <./Figures/ColdTrap_diagram.png>]

LaTeX Warning: Reference `ap:procedures' on page 36 undefined on input line 45.


[36] [37] [38] [39]

LaTeX Warning: Reference `sec:calibrations' on page 40 undefined on input line 
107.


LaTeX Warning: Reference `sec:impedance' on page 40 undefined on input line 109
.

[40] [41]

LaTeX Warning: Reference `sec:impedance' on page 42 undefined on input line 127
.

[42] <Figures/impedance_adjust.png, id=986, 501.875pt x 401.5pt>
File: Figures/impedance_adjust.png Graphic file (type png)

<use Figures/impedance_adjust.png>
Package pdftex.def Info: Figures/impedance_adjust.png used on input line 141.
(pdftex.def)             Requested size: 433.62001pt x 346.91287pt.


LaTeX Warning: `!h' float specifier changed to `!ht'.

[43] [44 <./Figures/impedance_adjust.png (PNG copy)>] [45] [46]
<Figures/RGATrace_fit_fast.png, id=1027, 501.875pt x 401.5pt>
File: Figures/RGATrace_fit_fast.png Graphic file (type png)

<use Figures/RGATrace_fit_fast.png>
Package pdftex.def Info: Figures/RGATrace_fit_fast.png used on input line 238.
(pdftex.def)             Requested size: 433.62001pt x 346.91287pt.


LaTeX Warning: `!h' float specifier changed to `!ht'.

[47] [48 <./Figures/RGATrace_fit_fast.png (PNG copy)>]
<Figures/cold_trap_geometries.png, id=1044, 688.5725pt x 388.45125pt>
File: Figures/cold_trap_geometries.png Graphic file (type png)

<use Figures/cold_trap_geometries.png>
Package pdftex.def Info: Figures/cold_trap_geometries.png used on input line 26
2.
(pdftex.def)             Requested size: 433.62001pt x 244.6248pt.
 [49]

LaTeX Warning: `!h' float specifier changed to `!ht'.


Package caption Warning: \label without proper \caption on input line 269.
See the caption package documentation for explanation.


LaTeX Warning: Reference `tab:geo' on page 50 undefined on input line 267.


Package caption Warning: \label without proper \caption on input line 269.
See the caption package documentation for explanation.


LaTeX Warning: Reference `tab:geo' on page 50 undefined on input line 281.

[50] [51 <./Figures/cold_trap_geometries.png>]
<Figures/ice_plug_start.png, id=1067, 943.525pt x 852.18375pt>
File: Figures/ice_plug_start.png Graphic file (type png)

<use Figures/ice_plug_start.png>
Package pdftex.def Info: Figures/ice_plug_start.png used on input line 295.
(pdftex.def)             Requested size: 195.12767pt x 176.23317pt.

<Figures/ice_plug_full.png, id=1068, 2802.47pt x 2811.50375pt>
File: Figures/ice_plug_full.png Graphic file (type png)

<use Figures/ice_plug_full.png>
Package pdftex.def Info: Figures/ice_plug_full.png used on input line 301.
(pdftex.def)             Requested size: 195.12767pt x 195.75287pt.
 [52]
<Figures/xenon_breakthrough.png, id=1074, 501.875pt x 401.5pt>
File: Figures/xenon_breakthrough.png Graphic file (type png)

<use Figures/xenon_breakthrough.png>
Package pdftex.def Info: Figures/xenon_breakthrough.png used on input line 312.

(pdftex.def)             Requested size: 433.62001pt x 346.91287pt.
 [53 <./Figures/ice_plug_start.png> <./Figures/ice_plug_full.png>]

LaTeX Warning: `!h' float specifier changed to `!ht'.

<Figures/RGA_noise_correlation.png, id=1083, 578.16pt x 433.62pt>
File: Figures/RGA_noise_correlation.png Graphic file (type png)

<use Figures/RGA_noise_correlation.png>
Package pdftex.def Info: Figures/RGA_noise_correlation.png used on input line 3
22.
(pdftex.def)             Requested size: 433.62001pt x 325.2142pt.
 [54]

LaTeX Warning: `!h' float specifier changed to `!ht'.

[55 <./Figures/xenon_breakthrough.png (PNG copy)>] [56 <./Figures/RGA_noise_cor
relation.png (PNG copy)>]
<Figures/ice_form_Krloss.png, id=1098, 501.875pt x 401.5pt>
File: Figures/ice_form_Krloss.png Graphic file (type png)

<use Figures/ice_form_Krloss.png>
Package pdftex.def Info: Figures/ice_form_Krloss.png used on input line 338.
(pdftex.def)             Requested size: 433.62001pt x 346.91287pt.


LaTeX Warning: `!h' float specifier changed to `!ht'.

[57] [58 <./Figures/ice_form_Krloss.png (PNG copy)>]
<Figures/SLAC_flow_turnover.png, id=1111, 501.875pt x 401.5pt>
File: Figures/SLAC_flow_turnover.png Graphic file (type png)

<use Figures/SLAC_flow_turnover.png>
Package pdftex.def Info: Figures/SLAC_flow_turnover.png used on input line 352.

(pdftex.def)             Requested size: 216.81pt x 173.4503pt.

<Figures/SLAC_flow_turnover_1p5in.png, id=1112, 501.875pt x 401.5pt>
File: Figures/SLAC_flow_turnover_1p5in.png Graphic file (type png)

<use Figures/SLAC_flow_turnover_1p5in.png>
Package pdftex.def Info: Figures/SLAC_flow_turnover_1p5in.png used on input lin
e 358.
(pdftex.def)             Requested size: 216.81pt x 173.4503pt.

<Figures/SLAC_FlowResponse_15x.png, id=1115, 501.875pt x 401.5pt>
File: Figures/SLAC_FlowResponse_15x.png Graphic file (type png)

<use Figures/SLAC_FlowResponse_15x.png>
Package pdftex.def Info: Figures/SLAC_FlowResponse_15x.png used on input line 3
71.
(pdftex.def)             Requested size: 216.81pt x 173.4503pt.

<Figures/SLAC_FlowResponse_15x_1p5in.png, id=1116, 501.875pt x 401.5pt>
File: Figures/SLAC_FlowResponse_15x_1p5in.png Graphic file (type png)

<use Figures/SLAC_FlowResponse_15x_1p5in.png>
Package pdftex.def Info: Figures/SLAC_FlowResponse_15x_1p5in.png used on input 
line 377.
(pdftex.def)             Requested size: 216.81pt x 173.4503pt.

<Figures/FlowResponse.png, id=1117, 562.1pt x 421.575pt>
File: Figures/FlowResponse.png Graphic file (type png)

<use Figures/FlowResponse.png>
Package pdftex.def Info: Figures/FlowResponse.png used on input line 385.
(pdftex.def)             Requested size: 433.62001pt x 325.21199pt.


LaTeX Warning: `!h' float specifier changed to `!ht'.


LaTeX Warning: `h' float specifier changed to `ht'.

<Figures/turn_over.png, id=1119, 501.875pt x 401.5pt>
File: Figures/turn_over.png Graphic file (type png)

<use Figures/turn_over.png>
Package pdftex.def Info: Figures/turn_over.png used on input line 392.
(pdftex.def)             Requested size: 433.62001pt x 346.91287pt.
 [59 <./Figures/SLAC_flow_turnover.png (PNG copy)> <./Figures/SLAC_flow_turnove
r_1p5in.png (PNG copy)>]

LaTeX Warning: `h' float specifier changed to `ht'.

<Figures/SLAC_FlowResponse_1x_linfit.png, id=1128, 501.875pt x 401.5pt>
File: Figures/SLAC_FlowResponse_1x_linfit.png Graphic file (type png)

<use Figures/SLAC_FlowResponse_1x_linfit.png>
Package pdftex.def Info: Figures/SLAC_FlowResponse_1x_linfit.png used on input 
line 402.
(pdftex.def)             Requested size: 216.81pt x 173.4503pt.

<Figures/SLAC_FlowResponse_15x_linplot.png, id=1129, 501.875pt x 401.5pt>
File: Figures/SLAC_FlowResponse_15x_linplot.png Graphic file (type png)

<use Figures/SLAC_FlowResponse_15x_linplot.png>
Package pdftex.def Info: Figures/SLAC_FlowResponse_15x_linplot.png used on inpu
t line 408.
(pdftex.def)             Requested size: 216.81pt x 173.4503pt.
 [60 <./Figures/SLAC_FlowResponse_15x.png (PNG copy)> <./Figures/SLAC_FlowRespo
nse_15x_1p5in.png (PNG copy)>]

LaTeX Warning: `!h' float specifier changed to `!ht'.

[61 <./Figures/FlowResponse.png (PNG copy)>]

LaTeX Warning: Reference `fig:CTresponse' on page 62 undefined on input line 42
2.

<Figures/RGAtrace_fit_slow_wexp.png, id=1146, 501.875pt x 401.5pt>
File: Figures/RGAtrace_fit_slow_wexp.png Graphic file (type png)

<use Figures/RGAtrace_fit_slow_wexp.png>
Package pdftex.def Info: Figures/RGAtrace_fit_slow_wexp.png used on input line 
425.
(pdftex.def)             Requested size: 433.62001pt x 346.91287pt.
 [62 <./Figures/turn_over.png (PNG copy)>]

LaTeX Warning: `!h' float specifier changed to `!ht'.

<Figures/SLAC_imp_response_linfit.png, id=1153, 501.875pt x 401.5pt>
File: Figures/SLAC_imp_response_linfit.png Graphic file (type png)

<use Figures/SLAC_imp_response_linfit.png>
Package pdftex.def Info: Figures/SLAC_imp_response_linfit.png used on input lin
e 435.
(pdftex.def)             Requested size: 216.81pt x 173.4503pt.

<Figures/SLAC_imp_response_1p5in_linfit.png, id=1154, 501.875pt x 401.5pt>
File: Figures/SLAC_imp_response_1p5in_linfit.png Graphic file (type png)

<use Figures/SLAC_imp_response_1p5in_linfit.png>
Package pdftex.def Info: Figures/SLAC_imp_response_1p5in_linfit.png used on inp
ut line 440.
(pdftex.def)             Requested size: 216.81pt x 173.4503pt.


LaTeX Warning: `!h' float specifier changed to `!ht'.

[63 <./Figures/SLAC_FlowResponse_1x_linfit.png (PNG copy)> <./Figures/SLAC_Flow
Response_15x_linplot.png (PNG copy)>]
<Figures/SLAC_alpha.png, id=1163, 501.875pt x 401.5pt>
File: Figures/SLAC_alpha.png Graphic file (type png)

<use Figures/SLAC_alpha.png>
Package pdftex.def Info: Figures/SLAC_alpha.png used on input line 452.
(pdftex.def)             Requested size: 433.62001pt x 346.91287pt.


LaTeX Warning: `!h' float specifier changed to `!ht'.


Overfull \hbox (11.84926pt too wide) in paragraph at lines 457--458
[]\OT1/ptm/m/n/12 Now that we have es-tab-lished that the kryp-ton through-put 
is re-duced at higher impedances,
 []

[64 <./Figures/RGAtrace_fit_slow_wexp.png (PNG copy)>] [65 <./Figures/SLAC_imp_
response_linfit.png (PNG copy)> <./Figures/SLAC_imp_response_1p5in_linfit.png (
PNG copy)>] [66 <./Figures/SLAC_alpha.png (PNG copy)>] [67]
<Figures/SLAC_imp_response.png, id=1206, 501.875pt x 401.5pt>
File: Figures/SLAC_imp_response.png Graphic file (type png)

<use Figures/SLAC_imp_response.png>
Package pdftex.def Info: Figures/SLAC_imp_response.png used on input line 526.
(pdftex.def)             Requested size: 216.81pt x 173.4503pt.

<Figures/SLAC_imp_response_1p5in.png, id=1207, 501.875pt x 401.5pt>
File: Figures/SLAC_imp_response_1p5in.png Graphic file (type png)

<use Figures/SLAC_imp_response_1p5in.png>
Package pdftex.def Info: Figures/SLAC_imp_response_1p5in.png used on input line
 531.
(pdftex.def)             Requested size: 216.81pt x 173.4503pt.
 [68]
<Figures/post_flow_transient_nobottle.png, id=1218, 501.875pt x 401.5pt>
File: Figures/post_flow_transient_nobottle.png Graphic file (type png)

<use Figures/post_flow_transient_nobottle.png>
Package pdftex.def Info: Figures/post_flow_transient_nobottle.png used on input
 line 546.
(pdftex.def)             Requested size: 216.81pt x 173.4503pt.

<Figures/post_flow_transient_wbottle.png, id=1219, 501.875pt x 401.5pt>
File: Figures/post_flow_transient_wbottle.png Graphic file (type png)

<use Figures/post_flow_transient_wbottle.png>
Package pdftex.def Info: Figures/post_flow_transient_wbottle.png used on input 
line 551.
(pdftex.def)             Requested size: 216.81pt x 173.4503pt.
 [69 <./Figures/SLAC_imp_response.png (PNG copy)> <./Figures/SLAC_imp_response_
1p5in.png (PNG copy)>] [70 <./Figures/post_flow_transient_nobottle.png (PNG cop
y)> <./Figures/post_flow_transient_wbottle.png (PNG copy)>]
<Figures/cyrano_pvt_1x.png, id=1232, 501.875pt x 401.5pt>
File: Figures/cyrano_pvt_1x.png Graphic file (type png)

<use Figures/cyrano_pvt_1x.png>
Package pdftex.def Info: Figures/cyrano_pvt_1x.png used on input line 565.
(pdftex.def)             Requested size: 216.81pt x 173.4503pt.

<Figures/cyrano_pvt_15x.png, id=1233, 501.875pt x 401.5pt>
File: Figures/cyrano_pvt_15x.png Graphic file (type png)

<use Figures/cyrano_pvt_15x.png>
Package pdftex.def Info: Figures/cyrano_pvt_15x.png used on input line 571.
(pdftex.def)             Requested size: 216.81pt x 173.4503pt.

<Figures/diffusion_pdrop.png, id=1234, 501.875pt x 401.5pt>
File: Figures/diffusion_pdrop.png Graphic file (type png)

<use Figures/diffusion_pdrop.png>
Package pdftex.def Info: Figures/diffusion_pdrop.png used on input line 582.
(pdftex.def)             Requested size: 433.62001pt x 346.91287pt.
 [71 <./Figures/cyrano_pvt_1x.png (PNG copy)> <./Figures/cyrano_pvt_15x.png (PN
G copy)>] [72 <./Figures/diffusion_pdrop.png (PNG copy)>]

Package amsmath Warning: Foreign command \over;
(amsmath)                \frac or \genfrac should be used instead
(amsmath)                 on input line 600.

[73] [74] [75] [76] [77] <Figures/RGA_trace.png, id=1303, 501.875pt x 401.5pt>
File: Figures/RGA_trace.png Graphic file (type png)

<use Figures/RGA_trace.png>
Package pdftex.def Info: Figures/RGA_trace.png used on input line 689.
(pdftex.def)             Requested size: 433.62001pt x 346.91287pt.


LaTeX Warning: `!h' float specifier changed to `!ht'.

[78] [79 <./Figures/RGA_trace.png (PNG copy)>] [80]
<Figures/Lin_avg_Attila.png, id=1328, 736.7525pt x 507.8975pt>
File: Figures/Lin_avg_Attila.png Graphic file (type png)

<use Figures/Lin_avg_Attila.png>
Package pdftex.def Info: Figures/Lin_avg_Attila.png used on input line 726.
(pdftex.def)             Requested size: 433.62001pt x 298.9207pt.
 [81 <./Figures/Lin_avg_Attila.png>] [82]

LaTeX Warning: Reference `sec:calibrations' on page 83 undefined on input line 
764.

<Figures/RGATrace_int.png, id=1358, 501.875pt x 401.5pt>
File: Figures/RGATrace_int.png Graphic file (type png)

<use Figures/RGATrace_int.png>
Package pdftex.def Info: Figures/RGATrace_int.png used on input line 770.
(pdftex.def)             Requested size: 216.81pt x 173.4503pt.

<Figures/LinPlot0217.png, id=1359, 501.875pt x 401.5pt>
File: Figures/LinPlot0217.png Graphic file (type png)

<use Figures/LinPlot0217.png>
Package pdftex.def Info: Figures/LinPlot0217.png used on input line 776.
(pdftex.def)             Requested size: 216.81pt x 173.4503pt.
 [83 <./Figures/RGATrace_int.png (PNG copy)> <./Figures/LinPlot0217.png (PNG co
py)>]
<Figures/RGA_Noise_v_PP.png, id=1370, 501.875pt x 401.5pt>
File: Figures/RGA_Noise_v_PP.png Graphic file (type png)

<use Figures/RGA_Noise_v_PP.png>
Package pdftex.def Info: Figures/RGA_Noise_v_PP.png used on input line 796.
(pdftex.def)             Requested size: 433.62001pt x 346.91287pt.


LaTeX Warning: `!h' float specifier changed to `!ht'.

[84] [85 <./Figures/RGA_Noise_v_PP.png (PNG copy)>]
<Figures/CDEM_gain_noise.png, id=1384, 501.875pt x 401.5pt>
File: Figures/CDEM_gain_noise.png Graphic file (type png)

<use Figures/CDEM_gain_noise.png>
Package pdftex.def Info: Figures/CDEM_gain_noise.png used on input line 815.
(pdftex.def)             Requested size: 433.62001pt x 346.91287pt.


LaTeX Warning: `h' float specifier changed to `ht'.

[86]
Overfull \hbox (7.63864pt too wide) in paragraph at lines 827--829
\OT1/ptm/m/n/12 The width of this pulse will be given by the amount of xenon us
ed in the anal-y-sis ($\OML/ztmcm/m/it/12 V[]\OT1/ztmcm/m/n/12 ^^A\OML/ztmcm/m/
it/12 P[]$\OT1/ptm/m/n/12 )
 []

[87 <./Figures/CDEM_gain_noise.png (PNG copy)>]
<Figures/RGAtrace_ideal.png, id=1397, 501.875pt x 401.5pt>
File: Figures/RGAtrace_ideal.png Graphic file (type png)

<use Figures/RGAtrace_ideal.png>
Package pdftex.def Info: Figures/RGAtrace_ideal.png used on input line 834.
(pdftex.def)             Requested size: 433.62001pt x 346.91287pt.
 [88 <./Figures/RGAtrace_ideal.png (PNG copy)>] <Figures/Adjusted_impedance_stu
dy.png, id=1407, 578.16pt x 433.62pt>
File: Figures/Adjusted_impedance_study.png Graphic file (type png)

<use Figures/Adjusted_impedance_study.png>
Package pdftex.def Info: Figures/Adjusted_impedance_study.png used on input lin
e 843.
(pdftex.def)             Requested size: 433.62001pt x 325.2142pt.


LaTeX Warning: `h' float specifier changed to `ht'.

<Figures/SLAC_flowimpedance_response_plot.png, id=1408, 501.875pt x 401.5pt>
File: Figures/SLAC_flowimpedance_response_plot.png Graphic file (type png)

<use Figures/SLAC_flowimpedance_response_plot.png>
Package pdftex.def Info: Figures/SLAC_flowimpedance_response_plot.png used on i
nput line 850.
(pdftex.def)             Requested size: 433.62001pt x 346.91287pt.


LaTeX Warning: `h' float specifier changed to `ht'.

[89] [90 <./Figures/Adjusted_impedance_study.png (PNG copy)>] [91 <./Figures/SL
AC_flowimpedance_response_plot.png (PNG copy)>]
<Figures/Mixing_diagram.png, id=1426, 397.485pt x 210.7875pt>
File: Figures/Mixing_diagram.png Graphic file (type png)

<use Figures/Mixing_diagram.png>
Package pdftex.def Info: Figures/Mixing_diagram.png used on input line 877.
(pdftex.def)             Requested size: 433.62001pt x 229.95645pt.


LaTeX Warning: `!h' float specifier changed to `!ht'.

[92] [93 <./Figures/Mixing_diagram.png>] [94] [95] [96]
<Figures/BlankHist0217.png, id=1465, 562.1pt x 421.575pt>
File: Figures/BlankHist0217.png Graphic file (type png)

<use Figures/BlankHist0217.png>
Package pdftex.def Info: Figures/BlankHist0217.png used on input line 929.
(pdftex.def)             Requested size: 433.62001pt x 325.21199pt.


LaTeX Warning: `!h' float specifier changed to `!ht'.

<Figures/SLAC_ColdTrap_diagram_wvols.pdf, id=1467, 418.56375pt x 388.45125pt>
File: Figures/SLAC_ColdTrap_diagram_wvols.pdf Graphic file (type pdf)

<use Figures/SLAC_ColdTrap_diagram_wvols.pdf>
Package pdftex.def Info: Figures/SLAC_ColdTrap_diagram_wvols.pdf used on input 
line 940.
(pdftex.def)             Requested size: 433.62001pt x 402.42088pt.
 [97]

LaTeX Warning: `!h' float specifier changed to `!ht'.


Package caption Warning: \label without proper \caption on input line 948.
See the caption package documentation for explanation.


LaTeX Warning: Reference `tab:SLACvols' on page 98 undefined on input line 945.


[98 <./Figures/BlankHist0217.png (PNG copy)>]

LaTeX Warning: `!h' float specifier changed to `!ht'.


LaTeX Warning: `!h' float specifier changed to `!ht'.

[99 <./Figures/SLAC_ColdTrap_diagram_wvols.pdf>]

Package caption Warning: \label without proper \caption on input line 971.
See the caption package documentation for explanation.


LaTeX Warning: Reference `tab:concentrations' on page 100 undefined on input li
ne 995.

[100]

Package caption Warning: \label without proper \caption on input line 971.
See the caption package documentation for explanation.


LaTeX Warning: Reference `tab:concentrations' on page 101 undefined on input li
ne 1002.

Package epstopdf Info: Source file: <Figures/SensPlot0217.eps>
(epstopdf)                    date: 2017-10-03 10:36:29
(epstopdf)                    size: 63231 bytes
(epstopdf)             Output file: <Figures/SensPlot0217-eps-converted-to.pdf>

(epstopdf)                    date: 2017-10-03 10:38:32
(epstopdf)                    size: 58281 bytes
(epstopdf)             Command: <repstopdf --outfile=Figures/SensPlot0217-eps-c
onverted-to.pdf Figures/SensPlot0217.eps>
(epstopdf)             \includegraphics on input line 1007.
Package epstopdf Info: Output file is already uptodate.
<Figures/SensPlot0217-eps-converted-to.pdf, id=1516, 501.875pt x 401.5pt>
File: Figures/SensPlot0217-eps-converted-to.pdf Graphic file (type pdf)

<use Figures/SensPlot0217-eps-converted-to.pdf>
Package pdftex.def Info: Figures/SensPlot0217-eps-converted-to.pdf used on inpu
t line 1007.
(pdftex.def)             Requested size: 216.81pt x 173.4503pt.
Package epstopdf Info: Source file: <Figures/LinPlot0217.eps>
(epstopdf)                    date: 2017-10-03 10:34:08
(epstopdf)                    size: 63600 bytes
(epstopdf)             Output file: <Figures/LinPlot0217-eps-converted-to.pdf>
(epstopdf)                    date: 2017-10-03 10:35:32
(epstopdf)                    size: 60200 bytes
(epstopdf)             Command: <repstopdf --outfile=Figures/LinPlot0217-eps-co
nverted-to.pdf Figures/LinPlot0217.eps>
(epstopdf)             \includegraphics on input line 1013.
Package epstopdf Info: Output file is already uptodate.

<Figures/LinPlot0217-eps-converted-to.pdf, id=1517, 501.875pt x 401.5pt>
File: Figures/LinPlot0217-eps-converted-to.pdf Graphic file (type pdf)

<use Figures/LinPlot0217-eps-converted-to.pdf>
Package pdftex.def Info: Figures/LinPlot0217-eps-converted-to.pdf used on input
 line 1013.
(pdftex.def)             Requested size: 216.81pt x 173.4503pt.
 [101 <./Figures/SensPlot0217-eps-converted-to.pdf> <./Figures/LinPlot0217-eps-
converted-to.pdf>]
<Figures/SLAC_PvT_ppq_sensitivity.png, id=1542, 578.16pt x 433.62pt>
File: Figures/SLAC_PvT_ppq_sensitivity.png Graphic file (type png)

<use Figures/SLAC_PvT_ppq_sensitivity.png>
Package pdftex.def Info: Figures/SLAC_PvT_ppq_sensitivity.png used on input lin
e 1025.
(pdftex.def)             Requested size: 433.62001pt x 325.2142pt.
) [102 <./Figures/SLAC_PvT_ppq_sensitivity.png (PNG copy)>]
\openout2 = `chapters/Post_Run04_Calibrations.aux'.

 (./chapters/Post_Run04_Calibrations.tex
Chapter 4.
[103




] <Figures/DDband.pdf, id=1565, 848.16875pt x 620.3175pt>
File: Figures/DDband.pdf Graphic file (type pdf)

<use Figures/DDband.pdf>
Package pdftex.def Info: Figures/DDband.pdf used on input line 41.
(pdftex.def)             Requested size: 216.81pt x 158.56221pt.
 <Figures/DDbeam.pdf, id=1566, 859.21pt x 698.61pt>
File: Figures/DDbeam.pdf Graphic file (type pdf)

<use Figures/DDbeam.pdf>
Package pdftex.def Info: Figures/DDbeam.pdf used on input line 46.
(pdftex.def)             Requested size: 216.81pt x 176.28304pt.


LaTeX Warning: `!h' float specifier changed to `!ht'.

[104] [105 <./Figures/DDband.pdf> <./Figures/DDbeam.pdf>]
Package epstopdf Info: Source file: <Figures/post_Run4_DAQrate.eps>
(epstopdf)                    date: 2017-10-03 13:52:37
(epstopdf)                    size: 96850 bytes
(epstopdf)             Output file: <Figures/post_Run4_DAQrate-eps-converted-to
.pdf>
(epstopdf)                    date: 2017-10-03 13:53:03
(epstopdf)                    size: 90488 bytes
(epstopdf)             Command: <repstopdf --outfile=Figures/post_Run4_DAQrate-
eps-converted-to.pdf Figures/post_Run4_DAQrate.eps>
(epstopdf)             \includegraphics on input line 67.
Package epstopdf Info: Output file is already uptodate.

<Figures/post_Run4_DAQrate-eps-converted-to.pdf, id=1600, 622.325pt x 401.5pt>
File: Figures/post_Run4_DAQrate-eps-converted-to.pdf Graphic file (type pdf)

<use Figures/post_Run4_DAQrate-eps-converted-to.pdf>
Package pdftex.def Info: Figures/post_Run4_DAQrate-eps-converted-to.pdf used on
 input line 67.
(pdftex.def)             Requested size: 433.62001pt x 279.7554pt.


LaTeX Warning: `!h' float specifier changed to `!ht'.

[106] [107 <./Figures/post_Run4_DAQrate-eps-converted-to.pdf>]
<Figures/DataSelection_singlescatter.pdf, id=1620, 578.16pt x 505.89pt>
File: Figures/DataSelection_singlescatter.pdf Graphic file (type pdf)

<use Figures/DataSelection_singlescatter.pdf>
Package pdftex.def Info: Figures/DataSelection_singlescatter.pdf used on input 
line 85.
(pdftex.def)             Requested size: 216.81pt x 189.70827pt.

<Figures/DataSelection_multiS1S2.pdf, id=1621, 578.16pt x 505.89pt>
File: Figures/DataSelection_multiS1S2.pdf Graphic file (type pdf)

<use Figures/DataSelection_multiS1S2.pdf>
Package pdftex.def Info: Figures/DataSelection_multiS1S2.pdf used on input line
 90.
(pdftex.def)             Requested size: 216.81pt x 189.70827pt.
 [108 <./Figures/DataSelection_singlescatter.pdf> <./Figures/DataSelection_mult
iS1S2.pdf

pdfTeX warning: /Library/TeX/texbin/pdflatex (file ./Figures/DataSelection_mult
iS1S2.pdf): PDF inclusion: multiple pdfs with page group included in a single p
age
>] <Figures/DataSelection_singlescatter_new.pdf, id=1676, 578.16pt x 505.89pt>
File: Figures/DataSelection_singlescatter_new.pdf Graphic file (type pdf)

<use Figures/DataSelection_singlescatter_new.pdf>
Package pdftex.def Info: Figures/DataSelection_singlescatter_new.pdf used on in
put line 104.
(pdftex.def)             Requested size: 216.81pt x 189.70827pt.

<Figures/DataSelection_multiS1S2_new.pdf, id=1677, 578.16pt x 505.89pt>
File: Figures/DataSelection_multiS1S2_new.pdf Graphic file (type pdf)

<use Figures/DataSelection_multiS1S2_new.pdf>
Package pdftex.def Info: Figures/DataSelection_multiS1S2_new.pdf used on input 
line 109.
(pdftex.def)             Requested size: 216.81pt x 189.70827pt.

<Figures/xycut_dt.png, id=1681, 578.16pt x 505.89pt>
File: Figures/xycut_dt.png Graphic file (type png)

<use Figures/xycut_dt.png>
Package pdftex.def Info: Figures/xycut_dt.png used on input line 122.
(pdftex.def)             Requested size: 433.62001pt x 379.41655pt.

<Figures/xycut_xy.png, id=1682, 1011.78pt x 505.89pt>
File: Figures/xycut_xy.png Graphic file (type png)

<use Figures/xycut_xy.png>
Package pdftex.def Info: Figures/xycut_xy.png used on input line 128.
(pdftex.def)             Requested size: 433.62001pt x 216.81056pt.
 [109 <./Figures/DataSelection_singlescatter_new.pdf> <./Figures/DataSelection_
multiS1S2_new.pdf

pdfTeX warning: /Library/TeX/texbin/pdflatex (file ./Figures/DataSelection_mult
iS1S2_new.pdf): PDF inclusion: multiple pdfs with page group included in a sing
le page
>]

LaTeX Warning: `!h' float specifier changed to `!ht'.


LaTeX Warning: `!h' float specifier changed to `!ht'.

[110] <Figures/Ar37_S1spec.pdf, id=1731, 578.16pt x 505.89pt>
File: Figures/Ar37_S1spec.pdf Graphic file (type pdf)

<use Figures/Ar37_S1spec.pdf>
Package pdftex.def Info: Figures/Ar37_S1spec.pdf used on input line 145.
(pdftex.def)             Requested size: 216.81pt x 189.70827pt.

<Figures/Ar37_S2spec.pdf, id=1732, 578.16pt x 505.89pt>
File: Figures/Ar37_S2spec.pdf Graphic file (type pdf)

<use Figures/Ar37_S2spec.pdf>
Package pdftex.def Info: Figures/Ar37_S2spec.pdf used on input line 150.
(pdftex.def)             Requested size: 216.81pt x 189.70827pt.
 [111 <./Figures/xycut_dt.png>]

LaTeX Warning: `!h' float specifier changed to `!ht'.

[112 <./Figures/xycut_xy.png>]
LaTeX Font Info:    Font shape `OT1/ptm/bx/n' in size <14.4> not available
(Font)              Font shape `OT1/ptm/b/n' tried instead on input line 162.


Package hyperref Warning: Token not allowed in a PDF string (PDFDocEncoding):
(hyperref)                removing `math shift' on input line 162.


Package hyperref Warning: Token not allowed in a PDF string (PDFDocEncoding):
(hyperref)                removing `math shift' on input line 162.

[113 <./Figures/Ar37_S1spec.pdf> <./Figures/Ar37_S2spec.pdf

pdfTeX warning: /Library/TeX/texbin/pdflatex (file ./Figures/Ar37_S2spec.pdf): 
PDF inclusion: multiple pdfs with page group included in a single page
>] <Figures/pixey_Ar_v_ef.png, id=1773, 578.16pt x 505.89pt>
File: Figures/pixey_Ar_v_ef.png Graphic file (type png)

<use Figures/pixey_Ar_v_ef.png>
Package pdftex.def Info: Figures/pixey_Ar_v_ef.png used on input line 167.
(pdftex.def)             Requested size: 426.79134pt x 373.44185pt.

<Figures/S2map_xy.png, id=1776, 1011.78pt x 578.16pt>
File: Figures/S2map_xy.png Graphic file (type png)

<use Figures/S2map_xy.png>
Package pdftex.def Info: Figures/S2map_xy.png used on input line 174.
(pdftex.def)             Requested size: 426.79134pt x 243.88419pt.
 [114 <./Figures/pixey_Ar_v_ef.png>]
<Figures/S2trend_dt.png, id=1783, 578.16pt x 505.89pt>
File: Figures/S2trend_dt.png Graphic file (type png)

<use Figures/S2trend_dt.png>
Package pdftex.def Info: Figures/S2trend_dt.png used on input line 182.
(pdftex.def)             Requested size: 426.79134pt x 373.44185pt.


LaTeX Warning: `!h' float specifier changed to `!ht'.

[115 <./Figures/S2map_xy.png>]
<Figures/S2corr_dt.png, id=1791, 578.16pt x 505.89pt>
File: Figures/S2corr_dt.png Graphic file (type png)

<use Figures/S2corr_dt.png>
Package pdftex.def Info: Figures/S2corr_dt.png used on input line 191.
(pdftex.def)             Requested size: 426.79134pt x 373.44185pt.


LaTeX Warning: `!h' float specifier changed to `!ht'.

[116 <./Figures/S2trend_dt.png>]
<Figures/S2corr_xy.png, id=1799, 1011.78pt x 578.16pt>
File: Figures/S2corr_xy.png Graphic file (type png)

<use Figures/S2corr_xy.png>
Package pdftex.def Info: Figures/S2corr_xy.png used on input line 199.
(pdftex.def)             Requested size: 426.79134pt x 243.88419pt.


LaTeX Warning: `!h' float specifier changed to `!ht'.

[117 <./Figures/S2corr_dt.png>] [118 <./Figures/S2corr_xy.png>]
<Figures/S1corr_singlebin.png, id=1816, 578.16pt x 505.89pt>
File: Figures/S1corr_singlebin.png Graphic file (type png)

<use Figures/S1corr_singlebin.png>
Package pdftex.def Info: Figures/S1corr_singlebin.png used on input line 219.
(pdftex.def)             Requested size: 426.79134pt x 373.44185pt.
 [119]

LaTeX Warning: `!h' float specifier changed to `!ht'.

<Figures/S1corr_xy.png, id=1824, 1011.78pt x 578.16pt>
File: Figures/S1corr_xy.png Graphic file (type png)

<use Figures/S1corr_xy.png>
Package pdftex.def Info: Figures/S1corr_xy.png used on input line 234.
(pdftex.def)             Requested size: 426.79134pt x 243.88419pt.
 [120]

LaTeX Warning: `!h' float specifier changed to `!ht'.

[121 <./Figures/S1corr_singlebin.png>]
<Figures/S1corr_dt.png, id=1837, 578.16pt x 505.89pt>
File: Figures/S1corr_dt.png Graphic file (type png)

<use Figures/S1corr_dt.png>
Package pdftex.def Info: Figures/S1corr_dt.png used on input line 246.
(pdftex.def)             Requested size: 426.79134pt x 373.44185pt.


LaTeX Warning: `!h' float specifier changed to `!ht'.

<Figures/dt_doke_plot.pdf, id=1838, 578.16pt x 505.89pt>
File: Figures/dt_doke_plot.pdf Graphic file (type pdf)

<use Figures/dt_doke_plot.pdf>
Package pdftex.def Info: Figures/dt_doke_plot.pdf used on input line 257.
(pdftex.def)             Requested size: 426.79134pt x 373.44185pt.
 [122 <./Figures/S1corr_xy.png>]

LaTeX Warning: `!h' float specifier changed to `!ht'.

<Figures/E_spec_Ar.pdf, id=1846, 578.16pt x 505.89pt>
File: Figures/E_spec_Ar.pdf Graphic file (type pdf)

<use Figures/E_spec_Ar.pdf>
Package pdftex.def Info: Figures/E_spec_Ar.pdf used on input line 265.
(pdftex.def)             Requested size: 433.62001pt x 379.41655pt.
 [123 <./Figures/S1corr_dt.png>]

LaTeX Warning: `!h' float specifier changed to `!ht'.

[124 <./Figures/dt_doke_plot.pdf>]
<Figures/E_spec_Kr.pdf, id=1886, 578.16pt x 505.89pt>
File: Figures/E_spec_Kr.pdf Graphic file (type pdf)

<use Figures/E_spec_Kr.pdf>
Package pdftex.def Info: Figures/E_spec_Kr.pdf used on input line 275.
(pdftex.def)             Requested size: 433.62001pt x 379.41655pt.
 [125 <./Figures/E_spec_Ar.pdf>]
<Figures/E_spec_Xe.pdf, id=1912, 578.16pt x 505.89pt>
File: Figures/E_spec_Xe.pdf Graphic file (type pdf)

<use Figures/E_spec_Xe.pdf>
Package pdftex.def Info: Figures/E_spec_Xe.pdf used on input line 283.
(pdftex.def)             Requested size: 433.62001pt x 379.41655pt.
 [126 <./Figures/E_spec_Kr.pdf>] [127 <./Figures/E_spec_Xe.pdf>] [128]

LaTeX Warning: Reference `sec:nest' on page 129 undefined on input line 304.

<Figures/S2_tail_spec_all.pdf, id=1969, 578.16pt x 505.89pt>
File: Figures/S2_tail_spec_all.pdf Graphic file (type pdf)

<use Figures/S2_tail_spec_all.pdf>
Package pdftex.def Info: Figures/S2_tail_spec_all.pdf used on input line 307.
(pdftex.def)             Requested size: 433.62001pt x 379.41655pt.


LaTeX Warning: `!h' float specifier changed to `!ht'.

<Figures/S2_tail_spec_Ar_rate.pdf, id=1970, 578.16pt x 505.89pt>
File: Figures/S2_tail_spec_Ar_rate.pdf Graphic file (type pdf)

<use Figures/S2_tail_spec_Ar_rate.pdf>
Package pdftex.def Info: Figures/S2_tail_spec_Ar_rate.pdf used on input line 31
5.
(pdftex.def)             Requested size: 433.62001pt x 379.41655pt.


LaTeX Warning: `!h' float specifier changed to `!ht'.

<Figures/S2tail_g2fit_z.pdf, id=1971, 722.7pt x 578.16pt>
File: Figures/S2tail_g2fit_z.pdf Graphic file (type pdf)

<use Figures/S2tail_g2fit_z.pdf>
Package pdftex.def Info: Figures/S2tail_g2fit_z.pdf used on input line 331.
(pdftex.def)             Requested size: 216.81pt x 173.44933pt.

<Figures/S2tail_heatmap_z.pdf, id=1972, 722.7pt x 578.16pt>
File: Figures/S2tail_heatmap_z.pdf Graphic file (type pdf)

<use Figures/S2tail_heatmap_z.pdf>
Package pdftex.def Info: Figures/S2tail_heatmap_z.pdf used on input line 336.
(pdftex.def)             Requested size: 216.81pt x 173.44933pt.

<Figures/S2tail_g2fit_dcm.pdf, id=1973, 722.7pt x 578.16pt>
File: Figures/S2tail_g2fit_dcm.pdf Graphic file (type pdf)

<use Figures/S2tail_g2fit_dcm.pdf>
Package pdftex.def Info: Figures/S2tail_g2fit_dcm.pdf used on input line 341.
(pdftex.def)             Requested size: 216.81pt x 173.44933pt.

<Figures/S2tail_heatmap_dcm.pdf, id=1974, 722.7pt x 578.16pt>
File: Figures/S2tail_heatmap_dcm.pdf Graphic file (type pdf)

<use Figures/S2tail_heatmap_dcm.pdf>
Package pdftex.def Info: Figures/S2tail_heatmap_dcm.pdf used on input line 346.

(pdftex.def)             Requested size: 216.81pt x 173.44933pt.

<Figures/S2tail_g2fit_gfdcm.pdf, id=1975, 722.7pt x 578.16pt>
File: Figures/S2tail_g2fit_gfdcm.pdf Graphic file (type pdf)

<use Figures/S2tail_g2fit_gfdcm.pdf>
Package pdftex.def Info: Figures/S2tail_g2fit_gfdcm.pdf used on input line 351.

(pdftex.def)             Requested size: 216.81pt x 173.44933pt.

<Figures/S2tail_heatmap_gfdcm.pdf, id=1976, 722.7pt x 578.16pt>
File: Figures/S2tail_heatmap_gfdcm.pdf Graphic file (type pdf)

<use Figures/S2tail_heatmap_gfdcm.pdf>
Package pdftex.def Info: Figures/S2tail_heatmap_gfdcm.pdf used on input line 35
6.
(pdftex.def)             Requested size: 216.81pt x 173.44933pt.


LaTeX Warning: `!h' float specifier changed to `!ht'.

[129] [130 <./Figures/S2_tail_spec_all.pdf>]
<Figures/S2tail_hists_z.pdf, id=2011, 1084.05pt x 722.7pt>
File: Figures/S2tail_hists_z.pdf Graphic file (type pdf)

<use Figures/S2tail_hists_z.pdf>
Package pdftex.def Info: Figures/S2tail_hists_z.pdf used on input line 371.
(pdftex.def)             Requested size: 433.62001pt x 289.07487pt.


LaTeX Warning: `!h' float specifier changed to `!ht'.

<Figures/S2tail_hists_dcm.pdf, id=2013, 1084.05pt x 722.7pt>
File: Figures/S2tail_hists_dcm.pdf Graphic file (type pdf)

<use Figures/S2tail_hists_dcm.pdf>
Package pdftex.def Info: Figures/S2tail_hists_dcm.pdf used on input line 380.
(pdftex.def)             Requested size: 433.62001pt x 289.07487pt.
 [131 <./Figures/S2_tail_spec_Ar_rate.pdf>]

LaTeX Warning: Text page 132 contains only floats.

[132 <./Figures/S2tail_g2fit_z.pdf> <./Figures/S2tail_heatmap_z.pdf

pdfTeX warning: /Library/TeX/texbin/pdflatex (file ./Figures/S2tail_heatmap_z.p
df): PDF inclusion: multiple pdfs with page group included in a single page
> <./Figures/S2tail_g2fit_dcm.pdf

pdfTeX warning: /Library/TeX/texbin/pdflatex (file ./Figures/S2tail_g2fit_dcm.p
df): PDF inclusion: multiple pdfs with page group included in a single page
> <./Figures/S2tail_heatmap_dcm.pdf

pdfTeX warning: /Library/TeX/texbin/pdflatex (file ./Figures/S2tail_heatmap_dcm
.pdf): PDF inclusion: multiple pdfs with page group included in a single page
> <./Figures/S2tail_g2fit_gfdcm.pdf

pdfTeX warning: /Library/TeX/texbin/pdflatex (file ./Figures/S2tail_g2fit_gfdcm
.pdf): PDF inclusion: multiple pdfs with page group included in a single page
> <./Figures/S2tail_heatmap_gfdcm.pdf

pdfTeX warning: /Library/TeX/texbin/pdflatex (file ./Figures/S2tail_heatmap_gfd
cm.pdf): PDF inclusion: multiple pdfs with page group included in a single page

>]

LaTeX Warning: `!h' float specifier changed to `!ht'.

<Figures/S2tail_hists_gfdcm.pdf, id=2109, 1084.05pt x 722.7pt>
File: Figures/S2tail_hists_gfdcm.pdf Graphic file (type pdf)

<use Figures/S2tail_hists_gfdcm.pdf>
Package pdftex.def Info: Figures/S2tail_hists_gfdcm.pdf used on input line 391.

(pdftex.def)             Requested size: 433.62001pt x 289.07487pt.


LaTeX Warning: `!h' float specifier changed to `!ht'.

[133 <./Figures/S2tail_hists_z.pdf>]

LaTeX Warning: `!h' float specifier changed to `!ht'.

[134 <./Figures/S2tail_hists_dcm.pdf>]) [135 <./Figures/S2tail_hists_gfdcm.pdf>
]
\openout2 = `chapters/C14_Calibration.aux'.

 (./chapters/C14_Calibration.tex
Chapter 5.

Package hyperref Warning: Token not allowed in a PDF string (PDFDocEncoding):
(hyperref)                removing `math shift' on input line 1.


Package hyperref Warning: Token not allowed in a PDF string (PDFDocEncoding):
(hyperref)                removing `math shift' on input line 1.

<Figures/H3_removal_time.pdf, id=2179, 578.16pt x 505.89pt>
File: Figures/H3_removal_time.pdf Graphic file (type pdf)

<use Figures/H3_removal_time.pdf>
Package pdftex.def Info: Figures/H3_removal_time.pdf used on input line 8.
(pdftex.def)             Requested size: 216.81pt x 189.70827pt.

<Figures/C14_removal_time.pdf, id=2180, 578.16pt x 505.89pt>
File: Figures/C14_removal_time.pdf Graphic file (type pdf)

<use Figures/C14_removal_time.pdf>
Package pdftex.def Info: Figures/C14_removal_time.pdf used on input line 13.
(pdftex.def)             Requested size: 216.81pt x 189.70827pt.


LaTeX Warning: `!h' float specifier changed to `!ht'.

<Figures/C14_spec_init.pdf, id=2181, 578.16pt x 505.89pt>
File: Figures/C14_spec_init.pdf Graphic file (type pdf)

<use Figures/C14_spec_init.pdf>
Package pdftex.def Info: Figures/C14_spec_init.pdf used on input line 26.
(pdftex.def)             Requested size: 433.62001pt x 379.41655pt.


LaTeX Warning: `!h' float specifier changed to `!ht'.


Package hyperref Warning: Token not allowed in a PDF string (PDFDocEncoding):
(hyperref)                removing `math shift' on input line 33.


Package hyperref Warning: Token not allowed in a PDF string (PDFDocEncoding):
(hyperref)                removing `math shift' on input line 33.

[136




] [137 <./Figures/H3_removal_time.pdf> <./Figures/C14_removal_time.pdf

pdfTeX warning: /Library/TeX/texbin/pdflatex (file ./Figures/C14_removal_time.p
df): PDF inclusion: multiple pdfs with page group included in a single page
>] [138 <./Figures/C14_spec_init.pdf>] [139]
Overfull \hbox (53.04375pt too wide) in paragraph at lines 51--52
[]\OT1/ptm/m/n/12 There is also a much sim-pler closed-form so-lu-tion in the l
ow-Z, non-relativistic approximation[[]]:
 []

[140] <Figures/FermiFunc_compare.pdf, id=2295, 578.16pt x 505.89pt>
File: Figures/FermiFunc_compare.pdf Graphic file (type pdf)

<use Figures/FermiFunc_compare.pdf>
Package pdftex.def Info: Figures/FermiFunc_compare.pdf used on input line 77.
(pdftex.def)             Requested size: 433.62001pt x 379.41655pt.


LaTeX Warning: `!h' float specifier changed to `!ht'.

[141] [142 <./Figures/FermiFunc_compare.pdf>] [143]
<Figures/ShapeFac_compare.pdf, id=2355, 578.16pt x 505.89pt>
File: Figures/ShapeFac_compare.pdf Graphic file (type pdf)

<use Figures/ShapeFac_compare.pdf>
Package pdftex.def Info: Figures/ShapeFac_compare.pdf used on input line 106.
(pdftex.def)             Requested size: 433.62001pt x 379.41655pt.
 [144 <./Figures/ShapeFac_compare.pdf>]
<Figures/toy_smearing.pdf, id=2391, 578.16pt x 505.89pt>
File: Figures/toy_smearing.pdf Graphic file (type pdf)

<use Figures/toy_smearing.pdf>
Package pdftex.def Info: Figures/toy_smearing.pdf used on input line 123.
(pdftex.def)             Requested size: 433.62001pt x 379.41655pt.


LaTeX Warning: `!h' float specifier changed to `!ht'.

[145] [146 <./Figures/toy_smearing.pdf>]

LaTeX Warning: Reference `eq:smear' on page 147 undefined on input line 141.


LaTeX Warning: Reference `eq:smear' on page 147 undefined on input line 143.

[147]

Package hyperref Warning: Token not allowed in a PDF string (PDFDocEncoding):
(hyperref)                removing `math shift' on input line 161.


Package hyperref Warning: Token not allowed in a PDF string (PDFDocEncoding):
(hyperref)                removing `math shift' on input line 161.

[148]

Package hyperref Warning: Token not allowed in a PDF string (PDFDocEncoding):
(hyperref)                removing `math shift' on input line 171.


Package hyperref Warning: Token not allowed in a PDF string (PDFDocEncoding):
(hyperref)                removing `math shift' on input line 171.

) [149]
\openout2 = `chapters/Appendix_Corrections.aux'.

 (./chapters/Appendix_Corrections.tex
Appendix A.

Package hyperref Warning: Token not allowed in a PDF string (PDFDocEncoding):
(hyperref)                removing `math shift' on input line 3.


Package hyperref Warning: Token not allowed in a PDF string (PDFDocEncoding):
(hyperref)                removing `math shift' on input line 3.

) [150





]
\openout2 = `chapters/Appendix_Tails.aux'.

 (./chapters/Appendix_Tails.tex
Appendix B.
) [151




] (./mainthesis.bbl
LaTeX Font Info:    Try loading font information for OT1+pcr on input line 5.

(/usr/local/texlive/2015/texmf-dist/tex/latex/psnfss/ot1pcr.fd
File: ot1pcr.fd 2001/06/04 font definitions for OT1/pcr.
)
Underfull \hbox (badness 10000) in paragraph at lines 4--7
[]\OT1/ptm/m/n/12 Live chart of nu-clides.  []$\OT1/pcr/m/n/12 https : / / www-
[]nds . iaea . org / relnsd /
 []

[152




]
Missing character: There is no Ã in font ptmr7t!
Missing character: There is no ¶ in font ptmr7t!
Missing character: There is no Ã in font ptmr7t!
Missing character: There is no © in font ptmr7t!
Missing character: There is no â in font ptmr7t!
Missing character: There is no € in font ptmr7t!
Missing character: There is no “ in font ptmr7t!
Missing character: There is no ö in font ptmr7t!
 [153] [154] [155] [156])
Package atveryend Info: Empty hook `BeforeClearDocument' on input line 145.
 [157]
Package atveryend Info: Empty hook `AfterLastShipout' on input line 145.
 (./mainthesis.aux
(./chapters/Advancement_paper.aux) (./chapters/LXe_TPCs.aux)
(./chapters/Sampling_Manual.aux) (./chapters/Post_Run04_Calibrations.aux)
(./chapters/C14_Calibration.aux) (./chapters/Appendix_Corrections.aux)
(./chapters/Appendix_Tails.aux))
Package atveryend Info: Executing hook `AtVeryEndDocument' on input line 145.
Package atveryend Info: Executing hook `AtEndAfterFileList' on input line 145.
Package rerunfilecheck Info: File `mainthesis.out' has not changed.
(rerunfilecheck)             Checksum: F92DC01504309BB7CDD11D969F9D72A0;6003.


LaTeX Warning: There were undefined references.


LaTeX Warning: There were multiply-defined labels.

Package atveryend Info: Empty hook `AtVeryVeryEnd' on input line 145.
 ) 
Here is how much of TeX's memory you used:
 20058 strings out of 493089
 348693 string characters out of 6134842
 528188 words of memory out of 5000000
 22586 multiletter control sequences out of 15000+600000
 53420 words of font info for 133 fonts, out of 8000000 for 9000
 1141 hyphenation exceptions out of 8191
 42i,19n,40p,10361b,648s stack positions out of 5000i,500n,10000p,200000b,80000s
{/usr/local/texlive/2015/texmf-dist/fonts/enc/dvips/base/8r.enc}</usr/local/t
exlive/2015/texmf-dist/fonts/type1/public/amsfonts/cm/cmex10.pfb></usr/local/te
xlive/2015/texmf-dist/fonts/type1/public/amsfonts/cm/cmmi10.pfb></usr/local/tex
live/2015/texmf-dist/fonts/type1/public/amsfonts/cm/cmmi12.pfb></usr/local/texl
ive/2015/texmf-dist/fonts/type1/public/amsfonts/cm/cmr10.pfb></usr/local/texliv
e/2015/texmf-dist/fonts/type1/public/amsfonts/cm/cmr12.pfb></usr/local/texlive/
2015/texmf-dist/fonts/type1/public/amsfonts/cm/cmr17.pfb></usr/local/texlive/20
15/texmf-dist/fonts/type1/public/amsfonts/cm/cmsy10.pfb></usr/local/texlive/201
5/texmf-dist/fonts/type1/public/rsfs/rsfs10.pfb></usr/local/texlive/2015/texmf-
dist/fonts/type1/urw/courier/ucrr8a.pfb></usr/local/texlive/2015/texmf-dist/fon
ts/type1/urw/helvetic/uhvb8a.pfb></usr/local/texlive/2015/texmf-dist/fonts/type
1/urw/helvetic/uhvr8a.pfb></usr/local/texlive/2015/texmf-dist/fonts/type1/urw/s
ymbol/usyr.pfb></usr/local/texlive/2015/texmf-dist/fonts/type1/urw/symbol/usyr.
pfb></usr/local/texlive/2015/texmf-dist/fonts/type1/urw/times/utmb8a.pfb></usr/
local/texlive/2015/texmf-dist/fonts/type1/urw/times/utmr8a.pfb></usr/local/texl
ive/2015/texmf-dist/fonts/type1/urw/times/utmri8a.pfb>
Output written on mainthesis.pdf (167 pages, 13818490 bytes).
PDF statistics:
 2650 PDF objects out of 2984 (max. 8388607)
 2238 compressed objects within 23 object streams
 541 named destinations out of 1000 (max. 500000)
 1142 words of extra memory for PDF output out of 10000 (max. 10000000)

